{"/app/src/models/index.js":{"path":"/app/src/models/index.js","statementMap":{"0":{"start":{"line":3,"column":0},"end":{"line":5,"column":3}},"1":{"start":{"line":6,"column":0},"end":{"line":6,"column":25}},"2":{"start":{"line":8,"column":20},"end":{"line":8,"column":69}},"3":{"start":{"line":10,"column":17},"end":{"line":10,"column":63}},"4":{"start":{"line":12,"column":16},"end":{"line":12,"column":61}},"5":{"start":{"line":14,"column":12},"end":{"line":14,"column":53}},"6":{"start":{"line":16,"column":12},"end":{"line":16,"column":53}},"7":{"start":{"line":18,"column":20},"end":{"line":18,"column":69}},"8":{"start":{"line":20,"column":24},"end":{"line":20,"column":77}},"9":{"start":{"line":22,"column":28},"end":{"line":22,"column":85}},"10":{"start":{"line":24,"column":25},"end":{"line":24,"column":79}},"11":{"start":{"line":26,"column":39},"end":{"line":26,"column":93}},"12":{"start":{"line":28,"column":15},"end":{"line":38,"column":1}},"13":{"start":{"line":39,"column":0},"end":{"line":39,"column":27}}},"fnMap":{"0":{"name":"_interopRequireDefault","decl":{"start":{"line":26,"column":9},"end":{"line":26,"column":31}},"loc":{"start":{"line":26,"column":37},"end":{"line":26,"column":95}},"line":26}},"branchMap":{"0":{"loc":{"start":{"line":26,"column":46},"end":{"line":26,"column":92}},"type":"cond-expr","locations":[{"start":{"line":26,"column":70},"end":{"line":26,"column":73}},{"start":{"line":26,"column":76},"end":{"line":26,"column":92}}],"line":26},"1":{"loc":{"start":{"line":26,"column":46},"end":{"line":26,"column":67}},"type":"binary-expr","locations":[{"start":{"line":26,"column":46},"end":{"line":26,"column":49}},{"start":{"line":26,"column":53},"end":{"line":26,"column":67}}],"line":26}},"s":{"0":1,"1":1,"2":1,"3":1,"4":1,"5":1,"6":1,"7":1,"8":1,"9":1,"10":1,"11":9,"12":1,"13":1},"f":{"0":9},"b":{"0":[9,0],"1":[9,9]},"inputSourceMap":{"version":3,"names":["ExamSchedule","ExamTaken","Question","QuestionModel","questionModel","User","Exam","DigitalAsset","SpellingQuestion","QuantitativeQuestion","EssayExamQuestion"],"sourceRoot":"/app/src/models/","sources":["index.js"],"sourcesContent":["import ExamSchedule from \"./examSchedule\";\nimport ExamTaken from \"./examTaken\";\nimport QuestionModel from \"./question\";\nimport User from \"./user\";\nimport Exam from \"./exam\";\nimport DigitalAsset from \"./digitalAsset\";\nimport SpellingQuestion from \"./spellingQuestion\";\nimport QuantitativeQuestion from \"./quantitativeQuestion\";\nimport EssayExamQuestion from \"./essayExamQuestion\";\n\nexport default {\n  ExamSchedule,\n  ExamTaken,\n  Question: QuestionModel.questionModel,\n  User,\n  Exam,\n  DigitalAsset,\n  SpellingQuestion,\n  QuantitativeQuestion,\n  EssayExamQuestion,\n};\n"],"mappings":";;;;;;;AAAA;;AACA;;AACA;;AACA;;AACA;;AACA;;AACA;;AACA;;AACA;;;;eAEe;EACbA,YAAY,EAAZA,qBADa;EAEbC,SAAS,EAATA,kBAFa;EAGbC,QAAQ,EAAEC,iBAAA,CAAcC,aAHX;EAIbC,IAAI,EAAJA,aAJa;EAKbC,IAAI,EAAJA,aALa;EAMbC,YAAY,EAAZA,qBANa;EAObC,gBAAgB,EAAhBA,yBAPa;EAQbC,oBAAoB,EAApBA,6BARa;EASbC,iBAAiB,EAAjBA;AATa,C"},"_coverageSchema":"1a1c01bbd47fc00a2c39e90264f33305004495a9","hash":"433c7f18a11bd640f6361df83e9edd4e955af36f","contentHash":"e802a2762ef2c15dc226251ba17f17604f2269aee5abf4907f3166a01b1d924c"},"/app/src/models/examSchedule.js":{"path":"/app/src/models/examSchedule.js","statementMap":{"0":{"start":{"line":3,"column":0},"end":{"line":5,"column":3}},"1":{"start":{"line":6,"column":0},"end":{"line":6,"column":25}},"2":{"start":{"line":8,"column":16},"end":{"line":8,"column":59}},"3":{"start":{"line":10,"column":39},"end":{"line":10,"column":93}},"4":{"start":{"line":12,"column":15},"end":{"line":12,"column":39}},"5":{"start":{"line":13,"column":27},"end":{"line":26,"column":2}},"6":{"start":{"line":28,"column":15},"end":{"line":28,"column":74}},"7":{"start":{"line":30,"column":0},"end":{"line":30,"column":27}}},"fnMap":{"0":{"name":"_interopRequireDefault","decl":{"start":{"line":10,"column":9},"end":{"line":10,"column":31}},"loc":{"start":{"line":10,"column":37},"end":{"line":10,"column":95}},"line":10}},"branchMap":{"0":{"loc":{"start":{"line":10,"column":46},"end":{"line":10,"column":92}},"type":"cond-expr","locations":[{"start":{"line":10,"column":70},"end":{"line":10,"column":73}},{"start":{"line":10,"column":76},"end":{"line":10,"column":92}}],"line":10},"1":{"loc":{"start":{"line":10,"column":46},"end":{"line":10,"column":67}},"type":"binary-expr","locations":[{"start":{"line":10,"column":46},"end":{"line":10,"column":49}},{"start":{"line":10,"column":53},"end":{"line":10,"column":67}}],"line":10}},"s":{"0":1,"1":1,"2":1,"3":1,"4":1,"5":1,"6":1,"7":1},"f":{"0":1},"b":{"0":[0,1],"1":[1,1]},"inputSourceMap":{"version":3,"names":["Schema","mongoose","ExamScheduleSchema","numberofQuestions","Number","examinationName","String","examTypeID","examTypeName","active","Boolean","examinationDuration","questionType","questions","type","Array","required","default","model"],"sourceRoot":"/app/src/models/","sources":["examSchedule.js"],"sourcesContent":["import mongoose from \"mongoose\";\nconst Schema = mongoose.Schema;\n\nconst ExamScheduleSchema = new Schema({\n  numberofQuestions: Number,\n  examinationName: String,\n  examTypeID: String,\n  examTypeName: String,\n  active: Boolean,\n  examinationDuration: Number,\n  questionType: String,\n  questions: {\n    type: Array,\n    required: false,\n    default: [],\n  },\n});\n\nexport default mongoose.model(\"examSchedule\", ExamScheduleSchema);\n"],"mappings":";;;;;;;AAAA;;;;AACA,MAAMA,MAAM,GAAGC,iBAAA,CAASD,MAAxB;AAEA,MAAME,kBAAkB,GAAG,IAAIF,MAAJ,CAAW;EACpCG,iBAAiB,EAAEC,MADiB;EAEpCC,eAAe,EAAEC,MAFmB;EAGpCC,UAAU,EAAED,MAHwB;EAIpCE,YAAY,EAAEF,MAJsB;EAKpCG,MAAM,EAAEC,OAL4B;EAMpCC,mBAAmB,EAAEP,MANe;EAOpCQ,YAAY,EAAEN,MAPsB;EAQpCO,SAAS,EAAE;IACTC,IAAI,EAAEC,KADG;IAETC,QAAQ,EAAE,KAFD;IAGTC,OAAO,EAAE;EAHA;AARyB,CAAX,CAA3B;;eAeehB,iBAAA,CAASiB,KAAT,CAAe,cAAf,EAA+BhB,kBAA/B,C"},"_coverageSchema":"1a1c01bbd47fc00a2c39e90264f33305004495a9","hash":"d8dd58c985ff6455034490412bb81879ec4fd5f5","contentHash":"8bfddb04b293810de5b49d0817cb8e2131dc491c5ac158d17d0f96a54f54454f"},"/app/src/models/examTaken.js":{"path":"/app/src/models/examTaken.js","statementMap":{"0":{"start":{"line":3,"column":0},"end":{"line":5,"column":3}},"1":{"start":{"line":6,"column":0},"end":{"line":6,"column":25}},"2":{"start":{"line":8,"column":16},"end":{"line":8,"column":59}},"3":{"start":{"line":10,"column":39},"end":{"line":10,"column":93}},"4":{"start":{"line":12,"column":15},"end":{"line":12,"column":39}},"5":{"start":{"line":13,"column":24},"end":{"line":33,"column":2}},"6":{"start":{"line":35,"column":15},"end":{"line":35,"column":68}},"7":{"start":{"line":37,"column":0},"end":{"line":37,"column":27}}},"fnMap":{"0":{"name":"_interopRequireDefault","decl":{"start":{"line":10,"column":9},"end":{"line":10,"column":31}},"loc":{"start":{"line":10,"column":37},"end":{"line":10,"column":95}},"line":10}},"branchMap":{"0":{"loc":{"start":{"line":10,"column":46},"end":{"line":10,"column":92}},"type":"cond-expr","locations":[{"start":{"line":10,"column":70},"end":{"line":10,"column":73}},{"start":{"line":10,"column":76},"end":{"line":10,"column":92}}],"line":10},"1":{"loc":{"start":{"line":10,"column":46},"end":{"line":10,"column":67}},"type":"binary-expr","locations":[{"start":{"line":10,"column":46},"end":{"line":10,"column":49}},{"start":{"line":10,"column":53},"end":{"line":10,"column":67}}],"line":10}},"s":{"0":1,"1":1,"2":1,"3":1,"4":1,"5":1,"6":1,"7":1},"f":{"0":1},"b":{"0":[0,1],"1":[1,1]},"inputSourceMap":{"version":3,"names":["Schema","mongoose","ExamTakenSchema","examDetails","Object","timeExamStarted","Date","canidateDetails","examStarted","Boolean","examFinished","questionType","String","timeExamEnded","type","required","score","Number","scripts","Array","default","model"],"sourceRoot":"/app/src/models/","sources":["examTaken.js"],"sourcesContent":["import mongoose from \"mongoose\";\n\nconst Schema = mongoose.Schema;\n\nconst ExamTakenSchema = new Schema({\n  examDetails: Object,\n  timeExamStarted: Date,\n  canidateDetails: Object,\n  examStarted: Boolean,\n  examFinished: Boolean,\n  questionType: String,\n  timeExamEnded: {\n    type: Date,\n    required: false,\n  },\n  score: {\n    type: Number,\n    required: false,\n  },\n  scripts: {\n    type: Array,\n    required: false,\n    default: [],\n  },\n});\n\nexport default mongoose.model(\"examTaken\", ExamTakenSchema);\n"],"mappings":";;;;;;;AAAA;;;;AAEA,MAAMA,MAAM,GAAGC,iBAAA,CAASD,MAAxB;AAEA,MAAME,eAAe,GAAG,IAAIF,MAAJ,CAAW;EACjCG,WAAW,EAAEC,MADoB;EAEjCC,eAAe,EAAEC,IAFgB;EAGjCC,eAAe,EAAEH,MAHgB;EAIjCI,WAAW,EAAEC,OAJoB;EAKjCC,YAAY,EAAED,OALmB;EAMjCE,YAAY,EAAEC,MANmB;EAOjCC,aAAa,EAAE;IACbC,IAAI,EAAER,IADO;IAEbS,QAAQ,EAAE;EAFG,CAPkB;EAWjCC,KAAK,EAAE;IACLF,IAAI,EAAEG,MADD;IAELF,QAAQ,EAAE;EAFL,CAX0B;EAejCG,OAAO,EAAE;IACPJ,IAAI,EAAEK,KADC;IAEPJ,QAAQ,EAAE,KAFH;IAGPK,OAAO,EAAE;EAHF;AAfwB,CAAX,CAAxB;;eAsBenB,iBAAA,CAASoB,KAAT,CAAe,WAAf,EAA4BnB,eAA5B,C"},"_coverageSchema":"1a1c01bbd47fc00a2c39e90264f33305004495a9","hash":"65da43592f3655501b5be9bf8edb87f28be3bf61","contentHash":"55fc18119b37b1540d135a098a5358efe431ff5c37e184287c332117ee653426"},"/app/src/models/question.js":{"path":"/app/src/models/question.js","statementMap":{"0":{"start":{"line":3,"column":0},"end":{"line":5,"column":3}},"1":{"start":{"line":6,"column":0},"end":{"line":6,"column":25}},"2":{"start":{"line":8,"column":16},"end":{"line":8,"column":59}},"3":{"start":{"line":10,"column":39},"end":{"line":10,"column":93}},"4":{"start":{"line":12,"column":15},"end":{"line":12,"column":39}},"5":{"start":{"line":13,"column":23},"end":{"line":33,"column":2}},"6":{"start":{"line":34,"column":0},"end":{"line":36,"column":3}},"7":{"start":{"line":38,"column":22},"end":{"line":38,"column":73}},"8":{"start":{"line":40,"column":15},"end":{"line":43,"column":1}},"9":{"start":{"line":44,"column":0},"end":{"line":44,"column":27}}},"fnMap":{"0":{"name":"_interopRequireDefault","decl":{"start":{"line":10,"column":9},"end":{"line":10,"column":31}},"loc":{"start":{"line":10,"column":37},"end":{"line":10,"column":95}},"line":10}},"branchMap":{"0":{"loc":{"start":{"line":10,"column":46},"end":{"line":10,"column":92}},"type":"cond-expr","locations":[{"start":{"line":10,"column":70},"end":{"line":10,"column":73}},{"start":{"line":10,"column":76},"end":{"line":10,"column":92}}],"line":10},"1":{"loc":{"start":{"line":10,"column":46},"end":{"line":10,"column":67}},"type":"binary-expr","locations":[{"start":{"line":10,"column":46},"end":{"line":10,"column":49}},{"start":{"line":10,"column":53},"end":{"line":10,"column":67}}],"line":10}},"s":{"0":1,"1":1,"2":1,"3":1,"4":1,"5":1,"6":1,"7":1,"8":1,"9":1},"f":{"0":1},"b":{"0":[0,1],"1":[1,1]},"inputSourceMap":{"version":3,"names":["Schema","mongoose","QuestionSchema","question","String","answers","option","isCorrect","Boolean","selected","questionImageUrl","type","required","examinationType","examId","explanation","createdAt","Date","timestamps","index","QuestionModel","model","questionModel","questionSchema"],"sourceRoot":"/app/src/models/","sources":["question.js"],"sourcesContent":["import mongoose from \"mongoose\";\nconst Schema = mongoose.Schema;\n\nconst QuestionSchema = new Schema(\n  {\n    question: String,\n    answers: [\n      {\n        option: String,\n        isCorrect: Boolean,\n        selected: Boolean,\n      },\n    ],\n    questionImageUrl: { type: String, required: false },\n    examinationType: String,\n    examId: String,\n    explanation: { type: String, required: false },\n    createdAt: Date\n  },\n  { timestamps: true }\n);\nQuestionSchema.index({ question: 1 });\n\nconst QuestionModel = mongoose.model(\"question\", QuestionSchema);\n\nexport default {\n  questionModel: QuestionModel,\n  questionSchema: QuestionSchema,\n};\n"],"mappings":";;;;;;;AAAA;;;;AACA,MAAMA,MAAM,GAAGC,iBAAA,CAASD,MAAxB;AAEA,MAAME,cAAc,GAAG,IAAIF,MAAJ,CACrB;EACEG,QAAQ,EAAEC,MADZ;EAEEC,OAAO,EAAE,CACP;IACEC,MAAM,EAAEF,MADV;IAEEG,SAAS,EAAEC,OAFb;IAGEC,QAAQ,EAAED;EAHZ,CADO,CAFX;EASEE,gBAAgB,EAAE;IAAEC,IAAI,EAAEP,MAAR;IAAgBQ,QAAQ,EAAE;EAA1B,CATpB;EAUEC,eAAe,EAAET,MAVnB;EAWEU,MAAM,EAAEV,MAXV;EAYEW,WAAW,EAAE;IAAEJ,IAAI,EAAEP,MAAR;IAAgBQ,QAAQ,EAAE;EAA1B,CAZf;EAaEI,SAAS,EAAEC;AAbb,CADqB,EAgBrB;EAAEC,UAAU,EAAE;AAAd,CAhBqB,CAAvB;AAkBAhB,cAAc,CAACiB,KAAf,CAAqB;EAAEhB,QAAQ,EAAE;AAAZ,CAArB;;AAEA,MAAMiB,aAAa,GAAGnB,iBAAA,CAASoB,KAAT,CAAe,UAAf,EAA2BnB,cAA3B,CAAtB;;eAEe;EACboB,aAAa,EAAEF,aADF;EAEbG,cAAc,EAAErB;AAFH,C"},"_coverageSchema":"1a1c01bbd47fc00a2c39e90264f33305004495a9","hash":"2d56e51e140d696f53e9f06a84c9b5e4b5b910db","contentHash":"2d25ef43648c466e80e2a66b7743c299e93c907bcd763f6e1f487b0a09df13a8"},"/app/src/models/user.js":{"path":"/app/src/models/user.js","statementMap":{"0":{"start":{"line":3,"column":0},"end":{"line":5,"column":3}},"1":{"start":{"line":6,"column":0},"end":{"line":6,"column":25}},"2":{"start":{"line":8,"column":16},"end":{"line":8,"column":59}},"3":{"start":{"line":10,"column":39},"end":{"line":10,"column":93}},"4":{"start":{"line":12,"column":15},"end":{"line":12,"column":39}},"5":{"start":{"line":13,"column":19},"end":{"line":19,"column":2}},"6":{"start":{"line":21,"column":15},"end":{"line":21,"column":58}},"7":{"start":{"line":23,"column":0},"end":{"line":23,"column":27}}},"fnMap":{"0":{"name":"_interopRequireDefault","decl":{"start":{"line":10,"column":9},"end":{"line":10,"column":31}},"loc":{"start":{"line":10,"column":37},"end":{"line":10,"column":95}},"line":10}},"branchMap":{"0":{"loc":{"start":{"line":10,"column":46},"end":{"line":10,"column":92}},"type":"cond-expr","locations":[{"start":{"line":10,"column":70},"end":{"line":10,"column":73}},{"start":{"line":10,"column":76},"end":{"line":10,"column":92}}],"line":10},"1":{"loc":{"start":{"line":10,"column":46},"end":{"line":10,"column":67}},"type":"binary-expr","locations":[{"start":{"line":10,"column":46},"end":{"line":10,"column":49}},{"start":{"line":10,"column":53},"end":{"line":10,"column":67}}],"line":10}},"s":{"0":1,"1":1,"2":1,"3":1,"4":1,"5":1,"6":1,"7":1},"f":{"0":1},"b":{"0":[0,1],"1":[1,1]},"inputSourceMap":{"version":3,"names":["Schema","mongoose","UserSchema","username","String","password","userType","active","Boolean","name","model"],"sourceRoot":"/app/src/models/","sources":["user.js"],"sourcesContent":["import mongoose from \"mongoose\";\n\nconst Schema = mongoose.Schema;\n\nconst UserSchema = new Schema({\n  username: String,\n  password: String,\n  userType: String,\n  active: Boolean,\n  name: String,\n});\n\nexport default mongoose.model(\"user\", UserSchema);\n"],"mappings":";;;;;;;AAAA;;;;AAEA,MAAMA,MAAM,GAAGC,iBAAA,CAASD,MAAxB;AAEA,MAAME,UAAU,GAAG,IAAIF,MAAJ,CAAW;EAC5BG,QAAQ,EAAEC,MADkB;EAE5BC,QAAQ,EAAED,MAFkB;EAG5BE,QAAQ,EAAEF,MAHkB;EAI5BG,MAAM,EAAEC,OAJoB;EAK5BC,IAAI,EAAEL;AALsB,CAAX,CAAnB;;eAQeH,iBAAA,CAASS,KAAT,CAAe,MAAf,EAAuBR,UAAvB,C"},"_coverageSchema":"1a1c01bbd47fc00a2c39e90264f33305004495a9","hash":"6345d16c18c7c0b1073e10cb45ce975eb2f4156b","contentHash":"71df07d4598952ac066405be4775c7691240dea0a65e2ffdefacf825fead2eb4"},"/app/src/models/exam.js":{"path":"/app/src/models/exam.js","statementMap":{"0":{"start":{"line":3,"column":0},"end":{"line":5,"column":3}},"1":{"start":{"line":6,"column":0},"end":{"line":6,"column":25}},"2":{"start":{"line":8,"column":16},"end":{"line":8,"column":59}},"3":{"start":{"line":10,"column":39},"end":{"line":10,"column":93}},"4":{"start":{"line":12,"column":15},"end":{"line":12,"column":39}},"5":{"start":{"line":13,"column":19},"end":{"line":16,"column":2}},"6":{"start":{"line":17,"column":0},"end":{"line":19,"column":3}},"7":{"start":{"line":21,"column":15},"end":{"line":21,"column":58}},"8":{"start":{"line":23,"column":0},"end":{"line":23,"column":27}}},"fnMap":{"0":{"name":"_interopRequireDefault","decl":{"start":{"line":10,"column":9},"end":{"line":10,"column":31}},"loc":{"start":{"line":10,"column":37},"end":{"line":10,"column":95}},"line":10}},"branchMap":{"0":{"loc":{"start":{"line":10,"column":46},"end":{"line":10,"column":92}},"type":"cond-expr","locations":[{"start":{"line":10,"column":70},"end":{"line":10,"column":73}},{"start":{"line":10,"column":76},"end":{"line":10,"column":92}}],"line":10},"1":{"loc":{"start":{"line":10,"column":46},"end":{"line":10,"column":67}},"type":"binary-expr","locations":[{"start":{"line":10,"column":46},"end":{"line":10,"column":49}},{"start":{"line":10,"column":53},"end":{"line":10,"column":67}}],"line":10}},"s":{"0":1,"1":1,"2":1,"3":1,"4":1,"5":1,"6":1,"7":1,"8":1},"f":{"0":1},"b":{"0":[0,1],"1":[1,1]},"inputSourceMap":{"version":3,"names":["Schema","mongoose","ExamSchema","examName","String","examType","index","model"],"sourceRoot":"/app/src/models/","sources":["exam.js"],"sourcesContent":["import mongoose from \"mongoose\";\n\nconst Schema = mongoose.Schema;\n\nconst ExamSchema = new Schema({\n  examName: String,\n  examType: String\n});\nExamSchema.index({ examName: 1 });\nexport default mongoose.model(\"exam\", ExamSchema);\n"],"mappings":";;;;;;;AAAA;;;;AAEA,MAAMA,MAAM,GAAGC,iBAAA,CAASD,MAAxB;AAEA,MAAME,UAAU,GAAG,IAAIF,MAAJ,CAAW;EAC5BG,QAAQ,EAAEC,MADkB;EAE5BC,QAAQ,EAAED;AAFkB,CAAX,CAAnB;AAIAF,UAAU,CAACI,KAAX,CAAiB;EAAEH,QAAQ,EAAE;AAAZ,CAAjB;;eACeF,iBAAA,CAASM,KAAT,CAAe,MAAf,EAAuBL,UAAvB,C"},"_coverageSchema":"1a1c01bbd47fc00a2c39e90264f33305004495a9","hash":"5def38c91f081949ed60a3d44ce92fd6cb57499e","contentHash":"37051e029a7bbb238c6598cabac6eeb7a8d51eea416613d225d84d0220573d55"},"/app/src/models/digitalAsset.js":{"path":"/app/src/models/digitalAsset.js","statementMap":{"0":{"start":{"line":3,"column":0},"end":{"line":5,"column":3}},"1":{"start":{"line":6,"column":0},"end":{"line":6,"column":25}},"2":{"start":{"line":8,"column":16},"end":{"line":8,"column":59}},"3":{"start":{"line":10,"column":39},"end":{"line":10,"column":93}},"4":{"start":{"line":12,"column":15},"end":{"line":12,"column":39}},"5":{"start":{"line":13,"column":27},"end":{"line":21,"column":2}},"6":{"start":{"line":23,"column":15},"end":{"line":23,"column":74}},"7":{"start":{"line":25,"column":0},"end":{"line":25,"column":27}}},"fnMap":{"0":{"name":"_interopRequireDefault","decl":{"start":{"line":10,"column":9},"end":{"line":10,"column":31}},"loc":{"start":{"line":10,"column":37},"end":{"line":10,"column":95}},"line":10}},"branchMap":{"0":{"loc":{"start":{"line":10,"column":46},"end":{"line":10,"column":92}},"type":"cond-expr","locations":[{"start":{"line":10,"column":70},"end":{"line":10,"column":73}},{"start":{"line":10,"column":76},"end":{"line":10,"column":92}}],"line":10},"1":{"loc":{"start":{"line":10,"column":46},"end":{"line":10,"column":67}},"type":"binary-expr","locations":[{"start":{"line":10,"column":46},"end":{"line":10,"column":49}},{"start":{"line":10,"column":53},"end":{"line":10,"column":67}}],"line":10}},"s":{"0":1,"1":1,"2":1,"3":1,"4":1,"5":1,"6":1,"7":1},"f":{"0":1},"b":{"0":[0,1],"1":[1,1]},"inputSourceMap":{"version":3,"names":["Schema","mongoose","DigitalAssetSchema","fileName","String","assetType","fileType","description","type","required","model"],"sourceRoot":"/app/src/models/","sources":["digitalAsset.js"],"sourcesContent":["import mongoose from \"mongoose\";\n\nconst Schema = mongoose.Schema;\n\nconst DigitalAssetSchema = new Schema({\n  fileName: String,\n  assetType: String,\n  fileType: String,\n  description: { type: String, required: false },\n});\n\nexport default mongoose.model(\"digitalAsset\", DigitalAssetSchema);\n"],"mappings":";;;;;;;AAAA;;;;AAEA,MAAMA,MAAM,GAAGC,iBAAA,CAASD,MAAxB;AAEA,MAAME,kBAAkB,GAAG,IAAIF,MAAJ,CAAW;EACpCG,QAAQ,EAAEC,MAD0B;EAEpCC,SAAS,EAAED,MAFyB;EAGpCE,QAAQ,EAAEF,MAH0B;EAIpCG,WAAW,EAAE;IAAEC,IAAI,EAAEJ,MAAR;IAAgBK,QAAQ,EAAE;EAA1B;AAJuB,CAAX,CAA3B;;eAOeR,iBAAA,CAASS,KAAT,CAAe,cAAf,EAA+BR,kBAA/B,C"},"_coverageSchema":"1a1c01bbd47fc00a2c39e90264f33305004495a9","hash":"c4db78aa9cf885c781425d100dae45a4a9e58639","contentHash":"5d7dc07d658d96bc807f7ed6b36b3ac2b9af54e45ff544f7d1e2ca990b992ee6"},"/app/src/models/spellingQuestion.js":{"path":"/app/src/models/spellingQuestion.js","statementMap":{"0":{"start":{"line":3,"column":0},"end":{"line":5,"column":3}},"1":{"start":{"line":6,"column":0},"end":{"line":6,"column":25}},"2":{"start":{"line":8,"column":16},"end":{"line":8,"column":59}},"3":{"start":{"line":10,"column":39},"end":{"line":10,"column":93}},"4":{"start":{"line":12,"column":15},"end":{"line":12,"column":39}},"5":{"start":{"line":13,"column":31},"end":{"line":25,"column":2}},"6":{"start":{"line":27,"column":15},"end":{"line":27,"column":82}},"7":{"start":{"line":29,"column":0},"end":{"line":29,"column":27}}},"fnMap":{"0":{"name":"_interopRequireDefault","decl":{"start":{"line":10,"column":9},"end":{"line":10,"column":31}},"loc":{"start":{"line":10,"column":37},"end":{"line":10,"column":95}},"line":10}},"branchMap":{"0":{"loc":{"start":{"line":10,"column":46},"end":{"line":10,"column":92}},"type":"cond-expr","locations":[{"start":{"line":10,"column":70},"end":{"line":10,"column":73}},{"start":{"line":10,"column":76},"end":{"line":10,"column":92}}],"line":10},"1":{"loc":{"start":{"line":10,"column":46},"end":{"line":10,"column":67}},"type":"binary-expr","locations":[{"start":{"line":10,"column":46},"end":{"line":10,"column":49}},{"start":{"line":10,"column":53},"end":{"line":10,"column":67}}],"line":10}},"s":{"0":1,"1":1,"2":1,"3":1,"4":1,"5":1,"6":1,"7":1},"f":{"0":1},"b":{"0":[0,1],"1":[1,1]},"inputSourceMap":{"version":3,"names":["Schema","mongoose","SpellingQuestionSchema","word","String","correctWord","clue","type","required","createdAt","Date","examId","examinationType","timestamps","model"],"sourceRoot":"/app/src/models/","sources":["spellingQuestion.js"],"sourcesContent":["import mongoose from \"mongoose\";\nconst Schema = mongoose.Schema;\n\nconst SpellingQuestionSchema = new Schema(\n  {\n    word: String,\n    correctWord: String,\n    clue: { type: String, required: false },\n    createdAt: Date,\n    examId: String,\n    examinationType: String,\n  },\n  { timestamps: true }\n);\n\nexport default mongoose.model(\"spellingQuestion\", SpellingQuestionSchema);\n"],"mappings":";;;;;;;AAAA;;;;AACA,MAAMA,MAAM,GAAGC,iBAAA,CAASD,MAAxB;AAEA,MAAME,sBAAsB,GAAG,IAAIF,MAAJ,CAC7B;EACEG,IAAI,EAAEC,MADR;EAEEC,WAAW,EAAED,MAFf;EAGEE,IAAI,EAAE;IAAEC,IAAI,EAAEH,MAAR;IAAgBI,QAAQ,EAAE;EAA1B,CAHR;EAIEC,SAAS,EAAEC,IAJb;EAKEC,MAAM,EAAEP,MALV;EAMEQ,eAAe,EAAER;AANnB,CAD6B,EAS7B;EAAES,UAAU,EAAE;AAAd,CAT6B,CAA/B;;eAYeZ,iBAAA,CAASa,KAAT,CAAe,kBAAf,EAAmCZ,sBAAnC,C"},"_coverageSchema":"1a1c01bbd47fc00a2c39e90264f33305004495a9","hash":"8a92519d3b127ee53301a148dfd3515d22a505e2","contentHash":"6f4003ec9cfa20495bf1e7d97c9525161968036508832a76383fb97a9b0b8343"},"/app/src/models/quantitativeQuestion.js":{"path":"/app/src/models/quantitativeQuestion.js","statementMap":{"0":{"start":{"line":3,"column":0},"end":{"line":5,"column":3}},"1":{"start":{"line":6,"column":0},"end":{"line":6,"column":25}},"2":{"start":{"line":8,"column":16},"end":{"line":8,"column":59}},"3":{"start":{"line":10,"column":39},"end":{"line":10,"column":93}},"4":{"start":{"line":12,"column":15},"end":{"line":12,"column":39}},"5":{"start":{"line":13,"column":35},"end":{"line":23,"column":2}},"6":{"start":{"line":25,"column":15},"end":{"line":25,"column":88}},"7":{"start":{"line":27,"column":0},"end":{"line":27,"column":27}}},"fnMap":{"0":{"name":"_interopRequireDefault","decl":{"start":{"line":10,"column":9},"end":{"line":10,"column":31}},"loc":{"start":{"line":10,"column":37},"end":{"line":10,"column":95}},"line":10}},"branchMap":{"0":{"loc":{"start":{"line":10,"column":46},"end":{"line":10,"column":92}},"type":"cond-expr","locations":[{"start":{"line":10,"column":70},"end":{"line":10,"column":73}},{"start":{"line":10,"column":76},"end":{"line":10,"column":92}}],"line":10},"1":{"loc":{"start":{"line":10,"column":46},"end":{"line":10,"column":67}},"type":"binary-expr","locations":[{"start":{"line":10,"column":46},"end":{"line":10,"column":49}},{"start":{"line":10,"column":53},"end":{"line":10,"column":67}}],"line":10}},"s":{"0":1,"1":1,"2":1,"3":1,"4":1,"5":1,"6":1,"7":1},"f":{"0":1},"b":{"0":[0,1],"1":[1,1]},"inputSourceMap":{"version":3,"names":["Schema","mongoose","QuantitativeQuestionSchema","questionInstruction","String","questionUrl","answersImageUrl","Array","correctAnswerImage","createdAt","Date","examId","examinationType","timestamps","model"],"sourceRoot":"/app/src/models/","sources":["quantitativeQuestion.js"],"sourcesContent":["import mongoose from \"mongoose\";\nconst Schema = mongoose.Schema;\n\nconst QuantitativeQuestionSchema = new Schema(\n  {\n    questionInstruction: String,\n    questionUrl: String,\n    answersImageUrl: Array,\n    correctAnswerImage: String,\n    createdAt: Date,\n    examId: String,\n    examinationType: String,\n  },\n  { timestamps: true }\n);\n\nexport default mongoose.model(\"quantitativeSchema\", QuantitativeQuestionSchema);\n"],"mappings":";;;;;;;AAAA;;;;AACA,MAAMA,MAAM,GAAGC,iBAAA,CAASD,MAAxB;AAEA,MAAME,0BAA0B,GAAG,IAAIF,MAAJ,CACjC;EACEG,mBAAmB,EAAEC,MADvB;EAEEC,WAAW,EAAED,MAFf;EAGEE,eAAe,EAAEC,KAHnB;EAIEC,kBAAkB,EAAEJ,MAJtB;EAKEK,SAAS,EAAEC,IALb;EAMEC,MAAM,EAAEP,MANV;EAOEQ,eAAe,EAAER;AAPnB,CADiC,EAUjC;EAAES,UAAU,EAAE;AAAd,CAViC,CAAnC;;eAaeZ,iBAAA,CAASa,KAAT,CAAe,oBAAf,EAAqCZ,0BAArC,C"},"_coverageSchema":"1a1c01bbd47fc00a2c39e90264f33305004495a9","hash":"a0c5f4839669e914f9cbbc0ac35d71e0c5d481b6","contentHash":"6edc45b6fc58b68eb7a3554834d8b93869404e9a576999214d13a106f8d16034"},"/app/src/models/essayExamQuestion.js":{"path":"/app/src/models/essayExamQuestion.js","statementMap":{"0":{"start":{"line":3,"column":0},"end":{"line":5,"column":3}},"1":{"start":{"line":6,"column":0},"end":{"line":6,"column":25}},"2":{"start":{"line":8,"column":16},"end":{"line":8,"column":59}},"3":{"start":{"line":10,"column":39},"end":{"line":10,"column":93}},"4":{"start":{"line":12,"column":15},"end":{"line":12,"column":39}},"5":{"start":{"line":13,"column":32},"end":{"line":37,"column":2}},"6":{"start":{"line":39,"column":15},"end":{"line":39,"column":84}},"7":{"start":{"line":41,"column":0},"end":{"line":41,"column":27}}},"fnMap":{"0":{"name":"_interopRequireDefault","decl":{"start":{"line":10,"column":9},"end":{"line":10,"column":31}},"loc":{"start":{"line":10,"column":37},"end":{"line":10,"column":95}},"line":10}},"branchMap":{"0":{"loc":{"start":{"line":10,"column":46},"end":{"line":10,"column":92}},"type":"cond-expr","locations":[{"start":{"line":10,"column":70},"end":{"line":10,"column":73}},{"start":{"line":10,"column":76},"end":{"line":10,"column":92}}],"line":10},"1":{"loc":{"start":{"line":10,"column":46},"end":{"line":10,"column":67}},"type":"binary-expr","locations":[{"start":{"line":10,"column":46},"end":{"line":10,"column":49}},{"start":{"line":10,"column":53},"end":{"line":10,"column":67}}],"line":10}},"s":{"0":1,"1":1,"2":1,"3":1,"4":1,"5":1,"6":1,"7":1},"f":{"0":1},"b":{"0":[0,1],"1":[1,1]},"inputSourceMap":{"version":3,"names":["Schema","mongoose","EssayExamQuestionSchema","type","String","question","clue","required","possibleAnswers","Array","mediaUrl","mediaType","createdAt","Date","examId","examinationType","timestamps","model"],"sourceRoot":"/app/src/models/","sources":["essayExamQuestion.js"],"sourcesContent":["import mongoose from \"mongoose\";\nconst Schema = mongoose.Schema;\n\nconst EssayExamQuestionSchema = new Schema(\n  {\n    type: String,\n    question: String,\n    clue: { required: false, type: String },\n    possibleAnswers: {\n      type: Array,\n      required: false,\n    },\n    mediaUrl: { type: String, required: false },\n    mediaType: {\n      type: String,\n      required: false,\n    },\n    createdAt: Date,\n    examId: String,\n    examinationType: String,\n  },\n  { timestamps: true }\n);\n\nexport default mongoose.model(\"essayExamQuestion\", EssayExamQuestionSchema);\n"],"mappings":";;;;;;;AAAA;;;;AACA,MAAMA,MAAM,GAAGC,iBAAA,CAASD,MAAxB;AAEA,MAAME,uBAAuB,GAAG,IAAIF,MAAJ,CAC9B;EACEG,IAAI,EAAEC,MADR;EAEEC,QAAQ,EAAED,MAFZ;EAGEE,IAAI,EAAE;IAAEC,QAAQ,EAAE,KAAZ;IAAmBJ,IAAI,EAAEC;EAAzB,CAHR;EAIEI,eAAe,EAAE;IACfL,IAAI,EAAEM,KADS;IAEfF,QAAQ,EAAE;EAFK,CAJnB;EAQEG,QAAQ,EAAE;IAAEP,IAAI,EAAEC,MAAR;IAAgBG,QAAQ,EAAE;EAA1B,CARZ;EASEI,SAAS,EAAE;IACTR,IAAI,EAAEC,MADG;IAETG,QAAQ,EAAE;EAFD,CATb;EAaEK,SAAS,EAAEC,IAbb;EAcEC,MAAM,EAAEV,MAdV;EAeEW,eAAe,EAAEX;AAfnB,CAD8B,EAkB9B;EAAEY,UAAU,EAAE;AAAd,CAlB8B,CAAhC;;eAqBef,iBAAA,CAASgB,KAAT,CAAe,mBAAf,EAAoCf,uBAApC,C"},"_coverageSchema":"1a1c01bbd47fc00a2c39e90264f33305004495a9","hash":"9c8523a560fbebad3f0d4bdb5b5b1dd03dadb750","contentHash":"adfb8151e202d47850a7ceff04a6dc67889b46866f045b35662241a62a3b466f"},"/app/src/startup/index.js":{"path":"/app/src/startup/index.js","statementMap":{"0":{"start":{"line":3,"column":0},"end":{"line":5,"column":3}},"1":{"start":{"line":6,"column":0},"end":{"line":11,"column":3}},"2":{"start":{"line":9,"column":4},"end":{"line":9,"column":39}},"3":{"start":{"line":12,"column":0},"end":{"line":17,"column":3}},"4":{"start":{"line":15,"column":4},"end":{"line":15,"column":40}},"5":{"start":{"line":19,"column":27},"end":{"line":19,"column":83}},"6":{"start":{"line":21,"column":26},"end":{"line":21,"column":81}},"7":{"start":{"line":23,"column":39},"end":{"line":23,"column":93}}},"fnMap":{"0":{"name":"(anonymous_0)","decl":{"start":{"line":8,"column":7},"end":{"line":8,"column":8}},"loc":{"start":{"line":8,"column":19},"end":{"line":10,"column":3}},"line":8},"1":{"name":"(anonymous_1)","decl":{"start":{"line":14,"column":7},"end":{"line":14,"column":8}},"loc":{"start":{"line":14,"column":19},"end":{"line":16,"column":3}},"line":14},"2":{"name":"_interopRequireDefault","decl":{"start":{"line":23,"column":9},"end":{"line":23,"column":31}},"loc":{"start":{"line":23,"column":37},"end":{"line":23,"column":95}},"line":23}},"branchMap":{"0":{"loc":{"start":{"line":23,"column":46},"end":{"line":23,"column":92}},"type":"cond-expr","locations":[{"start":{"line":23,"column":70},"end":{"line":23,"column":73}},{"start":{"line":23,"column":76},"end":{"line":23,"column":92}}],"line":23},"1":{"loc":{"start":{"line":23,"column":46},"end":{"line":23,"column":67}},"type":"binary-expr","locations":[{"start":{"line":23,"column":46},"end":{"line":23,"column":49}},{"start":{"line":23,"column":53},"end":{"line":23,"column":67}}],"line":23}},"s":{"0":1,"1":1,"2":1,"3":1,"4":1,"5":1,"6":1,"7":2},"f":{"0":1,"1":1,"2":2},"b":{"0":[2,0],"1":[2,2]},"inputSourceMap":{"version":3,"names":[],"sourceRoot":"/app/src/startup/","sources":["index.js"],"sourcesContent":["import expressApp from \"./createExpressServer\";\nimport apolloServer from \"./createApolloServer\"\n\n\nexport { expressApp, apolloServer }"],"mappings":";;;;;;;;;;;;;;;;;;AAAA;;AACA"},"_coverageSchema":"1a1c01bbd47fc00a2c39e90264f33305004495a9","hash":"829d80a32463e3e873e6b7ab1c4dbaf33ef600fb","contentHash":"3cf7474c17561d12bf41eb05e2d7d94f4593ade515b625edf157e2c5b064431e"},"/app/src/startup/createExpressServer.js":{"path":"/app/src/startup/createExpressServer.js","statementMap":{"0":{"start":{"line":3,"column":0},"end":{"line":5,"column":3}},"1":{"start":{"line":6,"column":0},"end":{"line":6,"column":25}},"2":{"start":{"line":8,"column":12},"end":{"line":8,"column":51}},"3":{"start":{"line":10,"column":15},"end":{"line":10,"column":57}},"4":{"start":{"line":12,"column":14},"end":{"line":12,"column":58}},"5":{"start":{"line":14,"column":18},"end":{"line":14,"column":77}},"6":{"start":{"line":16,"column":39},"end":{"line":16,"column":93}},"7":{"start":{"line":18,"column":15},"end":{"line":18,"column":32}},"8":{"start":{"line":20,"column":21},"end":{"line":41,"column":1}},"9":{"start":{"line":21,"column":14},"end":{"line":21,"column":37}},"10":{"start":{"line":22,"column":2},"end":{"line":22,"column":32}},"11":{"start":{"line":24,"column":2},"end":{"line":28,"column":3}},"12":{"start":{"line":25,"column":4},"end":{"line":27,"column":8}},"13":{"start":{"line":31,"column":2},"end":{"line":31,"column":51}},"14":{"start":{"line":32,"column":2},"end":{"line":39,"column":5}},"15":{"start":{"line":33,"column":4},"end":{"line":33,"column":43}},"16":{"start":{"line":34,"column":4},"end":{"line":34,"column":39}},"17":{"start":{"line":36,"column":4},"end":{"line":36,"column":124}},"18":{"start":{"line":38,"column":4},"end":{"line":38,"column":34}},"19":{"start":{"line":40,"column":2},"end":{"line":40,"column":13}},"20":{"start":{"line":43,"column":15},"end":{"line":43,"column":27}},"21":{"start":{"line":44,"column":0},"end":{"line":44,"column":27}}},"fnMap":{"0":{"name":"_interopRequireDefault","decl":{"start":{"line":16,"column":9},"end":{"line":16,"column":31}},"loc":{"start":{"line":16,"column":37},"end":{"line":16,"column":95}},"line":16},"1":{"name":"(anonymous_1)","decl":{"start":{"line":20,"column":21},"end":{"line":20,"column":22}},"loc":{"start":{"line":20,"column":33},"end":{"line":41,"column":1}},"line":20},"2":{"name":"(anonymous_2)","decl":{"start":{"line":32,"column":10},"end":{"line":32,"column":11}},"loc":{"start":{"line":32,"column":35},"end":{"line":39,"column":3}},"line":32}},"branchMap":{"0":{"loc":{"start":{"line":16,"column":46},"end":{"line":16,"column":92}},"type":"cond-expr","locations":[{"start":{"line":16,"column":70},"end":{"line":16,"column":73}},{"start":{"line":16,"column":76},"end":{"line":16,"column":92}}],"line":16},"1":{"loc":{"start":{"line":16,"column":46},"end":{"line":16,"column":67}},"type":"binary-expr","locations":[{"start":{"line":16,"column":46},"end":{"line":16,"column":49}},{"start":{"line":16,"column":53},"end":{"line":16,"column":67}}],"line":16},"2":{"loc":{"start":{"line":24,"column":2},"end":{"line":28,"column":3}},"type":"if","locations":[{"start":{"line":24,"column":2},"end":{"line":28,"column":3}},{"start":{"line":24,"column":2},"end":{"line":28,"column":3}}],"line":24},"3":{"loc":{"start":{"line":33,"column":21},"end":{"line":33,"column":42}},"type":"binary-expr","locations":[{"start":{"line":33,"column":21},"end":{"line":33,"column":35}},{"start":{"line":33,"column":39},"end":{"line":33,"column":42}}],"line":33},"4":{"loc":{"start":{"line":34,"column":17},"end":{"line":34,"column":38}},"type":"binary-expr","locations":[{"start":{"line":34,"column":17},"end":{"line":34,"column":27}},{"start":{"line":34,"column":31},"end":{"line":34,"column":38}}],"line":34},"5":{"loc":{"start":{"line":36,"column":37},"end":{"line":36,"column":54}},"type":"binary-expr","locations":[{"start":{"line":36,"column":37},"end":{"line":36,"column":47}},{"start":{"line":36,"column":51},"end":{"line":36,"column":54}}],"line":36},"6":{"loc":{"start":{"line":38,"column":15},"end":{"line":38,"column":32}},"type":"binary-expr","locations":[{"start":{"line":38,"column":15},"end":{"line":38,"column":25}},{"start":{"line":38,"column":29},"end":{"line":38,"column":32}}],"line":38}},"s":{"0":1,"1":1,"2":1,"3":1,"4":1,"5":1,"6":4,"7":1,"8":1,"9":1,"10":1,"11":1,"12":0,"13":1,"14":1,"15":0,"16":0,"17":0,"18":0,"19":1,"20":1,"21":1},"f":{"0":4,"1":1,"2":0},"b":{"0":[2,2],"1":[4,4],"2":[0,1],"3":[0,0],"4":[0,0],"5":[0,0],"6":[0,0]},"inputSourceMap":{"version":3,"names":["morgan","require","createServer","app","express","use","cors","process","env","NODE_ENV","stream","config","winston","post","uploadFile","err","req","res","next","statusCode","status","error","message","originalUrl","method","ip"],"sourceRoot":"/app/src/startup/","sources":["createExpressServer.js"],"sourcesContent":["import cors from \"cors\";\nimport express from \"express\";\nimport config from \"../config\";\nimport uploadFile from \"../middleware/uploadFile\";\nconst morgan = require(\"morgan\");\n\nconst createServer = function () {\n  const app = express();\n  app.use(cors());\n  //app.use(express.static(path.join(__dirname, \"../uploads\")));\n  if (process.env.NODE_ENV === \"production\") {\n    app.use(morgan(\"combined\", { stream: config.winston.stream }));\n  }\n\n  //REST Route for uploading files\n  app.post(\"/api/uploadFile\", uploadFile);\n\n  app.use((err, req, res, next) => {\n    err.statusCode = err.statusCode || 500;\n    err.status = err.status || \"error\";\n\n    config.winston.error(\n      `${err.status || 500} - ${err.message} - ${req.originalUrl} - ${\n        req.method\n      } - ${req.ip}`\n    );\n    res.status(err.status || 500);\n  });\n\n  return app;\n};\n\nexport default createServer;"],"mappings":";;;;;;;AAAA;;AACA;;AACA;;AACA;;;;AACA,MAAMA,MAAM,GAAGC,OAAO,CAAC,QAAD,CAAtB;;AAEA,MAAMC,YAAY,GAAG,YAAY;EAC/B,MAAMC,GAAG,GAAG,IAAAC,gBAAA,GAAZ;EACAD,GAAG,CAACE,GAAJ,CAAQ,IAAAC,aAAA,GAAR,EAF+B,CAG/B;;EACA,IAAIC,OAAO,CAACC,GAAR,CAAYC,QAAZ,KAAyB,YAA7B,EAA2C;IACzCN,GAAG,CAACE,GAAJ,CAAQL,MAAM,CAAC,UAAD,EAAa;MAAEU,MAAM,EAAEC,eAAA,CAAOC,OAAP,CAAeF;IAAzB,CAAb,CAAd;EACD,CAN8B,CAQ/B;;;EACAP,GAAG,CAACU,IAAJ,CAAS,iBAAT,EAA4BC,mBAA5B;EAEAX,GAAG,CAACE,GAAJ,CAAQ,CAACU,GAAD,EAAMC,GAAN,EAAWC,GAAX,EAAgBC,IAAhB,KAAyB;IAC/BH,GAAG,CAACI,UAAJ,GAAiBJ,GAAG,CAACI,UAAJ,IAAkB,GAAnC;IACAJ,GAAG,CAACK,MAAJ,GAAaL,GAAG,CAACK,MAAJ,IAAc,OAA3B;;IAEAT,eAAA,CAAOC,OAAP,CAAeS,KAAf,CACG,GAAEN,GAAG,CAACK,MAAJ,IAAc,GAAI,MAAKL,GAAG,CAACO,OAAQ,MAAKN,GAAG,CAACO,WAAY,MACzDP,GAAG,CAACQ,MACL,MAAKR,GAAG,CAACS,EAAG,EAHf;;IAKAR,GAAG,CAACG,MAAJ,CAAWL,GAAG,CAACK,MAAJ,IAAc,GAAzB;EACD,CAVD;EAYA,OAAOjB,GAAP;AACD,CAxBD;;eA0BeD,Y"},"_coverageSchema":"1a1c01bbd47fc00a2c39e90264f33305004495a9","hash":"29f89fc760d82b32a6a223b5b1d151f6acfad3fa","contentHash":"78c09c378a95aad291bb5d1c03dd37c7a22f78a9db748a1fcf9d2ac1232a9962"},"/app/src/config/index.js":{"path":"/app/src/config/index.js","statementMap":{"0":{"start":{"line":3,"column":0},"end":{"line":5,"column":3}},"1":{"start":{"line":6,"column":0},"end":{"line":6,"column":25}},"2":{"start":{"line":8,"column":14},"end":{"line":8,"column":57}},"3":{"start":{"line":10,"column":12},"end":{"line":10,"column":53}},"4":{"start":{"line":12,"column":15},"end":{"line":12,"column":59}},"5":{"start":{"line":14,"column":15},"end":{"line":14,"column":59}},"6":{"start":{"line":16,"column":39},"end":{"line":16,"column":93}},"7":{"start":{"line":18,"column":15},"end":{"line":24,"column":1}},"8":{"start":{"line":25,"column":0},"end":{"line":25,"column":27}}},"fnMap":{"0":{"name":"_interopRequireDefault","decl":{"start":{"line":16,"column":9},"end":{"line":16,"column":31}},"loc":{"start":{"line":16,"column":37},"end":{"line":16,"column":95}},"line":16}},"branchMap":{"0":{"loc":{"start":{"line":16,"column":46},"end":{"line":16,"column":92}},"type":"cond-expr","locations":[{"start":{"line":16,"column":70},"end":{"line":16,"column":73}},{"start":{"line":16,"column":76},"end":{"line":16,"column":92}}],"line":16},"1":{"loc":{"start":{"line":16,"column":46},"end":{"line":16,"column":67}},"type":"binary-expr","locations":[{"start":{"line":16,"column":46},"end":{"line":16,"column":49}},{"start":{"line":16,"column":53},"end":{"line":16,"column":67}}],"line":16}},"s":{"0":1,"1":1,"2":1,"3":1,"4":1,"5":1,"6":4,"7":1,"8":1},"f":{"0":4},"b":{"0":[4,0],"1":[4,4]},"inputSourceMap":{"version":3,"names":["isAuth","keys","initDataBase","configStart","createAdminUser","winston"],"sourceRoot":"/app/src/config/","sources":["index.js"],"sourcesContent":["import isAuth from \"./isAuth\";\nimport keys from \"./keys\";\nimport configStart from \"./startup\";\nimport winston from \"./winston\";\n\n\n\nexport default {\n    isAuth,\n    keys,\n    initDataBase: configStart.initDataBase, \n    createAdminUser: configStart.createAdminUser,\n    winston\n}"],"mappings":";;;;;;;AAAA;;AACA;;AACA;;AACA;;;;eAIe;EACXA,MAAM,EAANA,eADW;EAEXC,IAAI,EAAJA,aAFW;EAGXC,YAAY,EAAEC,gBAAA,CAAYD,YAHf;EAIXE,eAAe,EAAED,gBAAA,CAAYC,eAJlB;EAKXC,OAAO,EAAPA;AALW,C"},"_coverageSchema":"1a1c01bbd47fc00a2c39e90264f33305004495a9","hash":"a0a6372bfea9e0a866a38063b07b02a435617e73","contentHash":"afd893a20c91a7cf52d0d8347d55e29a69580a8c455cf2d615e9e7019e53e920"},"/app/src/config/isAuth.js":{"path":"/app/src/config/isAuth.js","statementMap":{"0":{"start":{"line":3,"column":0},"end":{"line":5,"column":3}},"1":{"start":{"line":6,"column":0},"end":{"line":6,"column":25}},"2":{"start":{"line":8,"column":20},"end":{"line":8,"column":67}},"3":{"start":{"line":10,"column":12},"end":{"line":10,"column":53}},"4":{"start":{"line":12,"column":39},"end":{"line":12,"column":93}},"5":{"start":{"line":14,"column":15},"end":{"line":52,"column":1}},"6":{"start":{"line":16,"column":21},"end":{"line":16,"column":52}},"7":{"start":{"line":18,"column":2},"end":{"line":20,"column":3}},"8":{"start":{"line":19,"column":4},"end":{"line":19,"column":16}},"9":{"start":{"line":22,"column":16},"end":{"line":22,"column":40}},"10":{"start":{"line":24,"column":2},"end":{"line":26,"column":3}},"11":{"start":{"line":25,"column":4},"end":{"line":25,"column":16}},"12":{"start":{"line":30,"column":2},"end":{"line":34,"column":3}},"13":{"start":{"line":31,"column":4},"end":{"line":31,"column":77}},"14":{"start":{"line":33,"column":4},"end":{"line":33,"column":16}},"15":{"start":{"line":36,"column":2},"end":{"line":38,"column":3}},"16":{"start":{"line":37,"column":4},"end":{"line":37,"column":16}},"17":{"start":{"line":45,"column":6},"end":{"line":45,"column":18}},"18":{"start":{"line":46,"column":2},"end":{"line":51,"column":4}},"19":{"start":{"line":54,"column":0},"end":{"line":54,"column":27}}},"fnMap":{"0":{"name":"_interopRequireDefault","decl":{"start":{"line":12,"column":9},"end":{"line":12,"column":31}},"loc":{"start":{"line":12,"column":37},"end":{"line":12,"column":95}},"line":12},"1":{"name":"(anonymous_1)","decl":{"start":{"line":14,"column":15},"end":{"line":14,"column":16}},"loc":{"start":{"line":14,"column":22},"end":{"line":52,"column":1}},"line":14}},"branchMap":{"0":{"loc":{"start":{"line":12,"column":46},"end":{"line":12,"column":92}},"type":"cond-expr","locations":[{"start":{"line":12,"column":70},"end":{"line":12,"column":73}},{"start":{"line":12,"column":76},"end":{"line":12,"column":92}}],"line":12},"1":{"loc":{"start":{"line":12,"column":46},"end":{"line":12,"column":67}},"type":"binary-expr","locations":[{"start":{"line":12,"column":46},"end":{"line":12,"column":49}},{"start":{"line":12,"column":53},"end":{"line":12,"column":67}}],"line":12},"2":{"loc":{"start":{"line":16,"column":21},"end":{"line":16,"column":52}},"type":"binary-expr","locations":[{"start":{"line":16,"column":21},"end":{"line":16,"column":46}},{"start":{"line":16,"column":50},"end":{"line":16,"column":52}}],"line":16},"3":{"loc":{"start":{"line":18,"column":2},"end":{"line":20,"column":3}},"type":"if","locations":[{"start":{"line":18,"column":2},"end":{"line":20,"column":3}},{"start":{"line":18,"column":2},"end":{"line":20,"column":3}}],"line":18},"4":{"loc":{"start":{"line":24,"column":2},"end":{"line":26,"column":3}},"type":"if","locations":[{"start":{"line":24,"column":2},"end":{"line":26,"column":3}},{"start":{"line":24,"column":2},"end":{"line":26,"column":3}}],"line":24},"5":{"loc":{"start":{"line":24,"column":6},"end":{"line":24,"column":28}},"type":"binary-expr","locations":[{"start":{"line":24,"column":6},"end":{"line":24,"column":12}},{"start":{"line":24,"column":16},"end":{"line":24,"column":28}}],"line":24},"6":{"loc":{"start":{"line":36,"column":2},"end":{"line":38,"column":3}},"type":"if","locations":[{"start":{"line":36,"column":2},"end":{"line":38,"column":3}},{"start":{"line":36,"column":2},"end":{"line":38,"column":3}}],"line":36}},"s":{"0":1,"1":1,"2":1,"3":1,"4":2,"5":1,"6":4,"7":4,"8":4,"9":0,"10":0,"11":0,"12":0,"13":0,"14":0,"15":0,"16":0,"17":0,"18":0,"19":1},"f":{"0":2,"1":4},"b":{"0":[1,1],"1":[2,2],"2":[4,4],"3":[4,0],"4":[0,0],"5":[0,0],"6":[0,0]},"inputSourceMap":{"version":3,"names":["req","authHeader","headers","authorization","token","split","decodedToken","jwt","verify","keys","secret","error","id","username","name","userType"],"sourceRoot":"/app/src/config/","sources":["isAuth.js"],"sourcesContent":["import jwt from \"jsonwebtoken\";\nimport keys from \"./keys\";\n\nexport default (req) => {\n  //const token = req.headers.authorization || \"\";\n  const authHeader = req.headers.authorization || \"\";\n  if (!authHeader) {\n    return null;\n  }\n  const token = authHeader.split(\" \")[1];\n  if (!token || token === \"\") {\n    return null;\n  }\n  let decodedToken;\n  try {\n    decodedToken = jwt.verify(token, keys.secret);\n  } catch (error) {\n    return null;\n  }\n\n  if (!decodedToken) {\n    return null;\n  }\n\n  const { id, username, name, userType } = decodedToken;\n\n  return {\n    id,\n    username,\n    name,\n    userType,\n  };\n};\n"],"mappings":";;;;;;;AAAA;;AACA;;;;eAEgBA,GAAD,IAAS;EACtB;EACA,MAAMC,UAAU,GAAGD,GAAG,CAACE,OAAJ,CAAYC,aAAZ,IAA6B,EAAhD;;EACA,IAAI,CAACF,UAAL,EAAiB;IACf,OAAO,IAAP;EACD;;EACD,MAAMG,KAAK,GAAGH,UAAU,CAACI,KAAX,CAAiB,GAAjB,EAAsB,CAAtB,CAAd;;EACA,IAAI,CAACD,KAAD,IAAUA,KAAK,KAAK,EAAxB,EAA4B;IAC1B,OAAO,IAAP;EACD;;EACD,IAAIE,YAAJ;;EACA,IAAI;IACFA,YAAY,GAAGC,qBAAA,CAAIC,MAAJ,CAAWJ,KAAX,EAAkBK,aAAA,CAAKC,MAAvB,CAAf;EACD,CAFD,CAEE,OAAOC,KAAP,EAAc;IACd,OAAO,IAAP;EACD;;EAED,IAAI,CAACL,YAAL,EAAmB;IACjB,OAAO,IAAP;EACD;;EAED,MAAM;IAAEM,EAAF;IAAMC,QAAN;IAAgBC,IAAhB;IAAsBC;EAAtB,IAAmCT,YAAzC;EAEA,OAAO;IACLM,EADK;IAELC,QAFK;IAGLC,IAHK;IAILC;EAJK,CAAP;AAMD,C"},"_coverageSchema":"1a1c01bbd47fc00a2c39e90264f33305004495a9","hash":"8c3ba2e2780a8f1863d2b2bf3976fc1c66b49b4c","contentHash":"6a9cabbe2f9aea986e8b62446972847ec26e7f6ce5295f875941233ecd68b25f"},"/app/src/config/keys.js":{"path":"/app/src/config/keys.js","statementMap":{"0":{"start":{"line":3,"column":0},"end":{"line":5,"column":3}},"1":{"start":{"line":6,"column":0},"end":{"line":6,"column":25}},"2":{"start":{"line":7,"column":15},"end":{"line":9,"column":1}},"3":{"start":{"line":10,"column":0},"end":{"line":10,"column":27}}},"fnMap":{},"branchMap":{},"s":{"0":1,"1":1,"2":1,"3":1},"f":{},"b":{},"inputSourceMap":{"version":3,"names":["secret"],"sourceRoot":"/app/src/config/","sources":["keys.js"],"sourcesContent":["export default {\n  secret:\n    \"fhfyyfyrr8888484hfnnfnfjfkkkdkdhhhhhhhhhhhhhhhhhhh66666666666666666633333333333333333333333333331111111111djooyy777777ggfgggg55444dddffggssawqqsdfggghhbhhoooppphhhvcvdfxxzewew4rfgghhhhdjuidieieejejjejh444+++++%%%%%%^^^GGGGHHHHHHsfdfdfdfdf434343434343434dbdghgggdgdteteeeyyeyeyeyeyeggddbddgdghhwwuwuwuwuwuwuuwsszzwzezdfzfzgzhzhzzjdhhyeyey77y4h4hg4g4g4g4g4fgfcdwzwsx\",\n};\n"],"mappings":";;;;;;eAAe;EACbA,MAAM,EACJ;AAFW,C"},"_coverageSchema":"1a1c01bbd47fc00a2c39e90264f33305004495a9","hash":"f13f3a7b2ed2c6ff4d9d67b572ef55d6eeee1439","contentHash":"b1cce65a89c240b08cf0a251f8af965b258fe0f423cf534f2b6d79a91d13fdcb"},"/app/src/config/startup.js":{"path":"/app/src/config/startup.js","statementMap":{"0":{"start":{"line":3,"column":0},"end":{"line":5,"column":3}},"1":{"start":{"line":6,"column":0},"end":{"line":6,"column":25}},"2":{"start":{"line":8,"column":16},"end":{"line":8,"column":59}},"3":{"start":{"line":10,"column":14},"end":{"line":10,"column":58}},"4":{"start":{"line":12,"column":14},"end":{"line":12,"column":55}},"5":{"start":{"line":14,"column":39},"end":{"line":14,"column":93}},"6":{"start":{"line":16,"column":17},"end":{"line":16,"column":19}},"7":{"start":{"line":23,"column":4},"end":{"line":23,"column":15}},"8":{"start":{"line":25,"column":21},"end":{"line":35,"column":1}},"9":{"start":{"line":26,"column":12},"end":{"line":26,"column":56}},"10":{"start":{"line":27,"column":2},"end":{"line":33,"column":5}},"11":{"start":{"line":34,"column":2},"end":{"line":34,"column":26}},"12":{"start":{"line":37,"column":24},"end":{"line":63,"column":1}},"13":{"start":{"line":38,"column":2},"end":{"line":62,"column":3}},"14":{"start":{"line":39,"column":22},"end":{"line":41,"column":6}},"15":{"start":{"line":42,"column":4},"end":{"line":42,"column":45}},"16":{"start":{"line":44,"column":4},"end":{"line":59,"column":5}},"17":{"start":{"line":45,"column":6},"end":{"line":45,"column":36}},"18":{"start":{"line":47,"column":19},"end":{"line":47,"column":70}},"19":{"start":{"line":49,"column":20},"end":{"line":55,"column":7}},"20":{"start":{"line":56,"column":24},"end":{"line":56,"column":55}},"21":{"start":{"line":57,"column":6},"end":{"line":57,"column":29}},"22":{"start":{"line":58,"column":6},"end":{"line":58,"column":33}},"23":{"start":{"line":61,"column":4},"end":{"line":61,"column":23}},"24":{"start":{"line":65,"column":15},"end":{"line":68,"column":1}},"25":{"start":{"line":69,"column":0},"end":{"line":69,"column":27}}},"fnMap":{"0":{"name":"_interopRequireDefault","decl":{"start":{"line":14,"column":9},"end":{"line":14,"column":31}},"loc":{"start":{"line":14,"column":37},"end":{"line":14,"column":95}},"line":14},"1":{"name":"(anonymous_1)","decl":{"start":{"line":25,"column":21},"end":{"line":25,"column":22}},"loc":{"start":{"line":25,"column":33},"end":{"line":35,"column":1}},"line":25},"2":{"name":"(anonymous_2)","decl":{"start":{"line":37,"column":24},"end":{"line":37,"column":25}},"loc":{"start":{"line":37,"column":36},"end":{"line":63,"column":1}},"line":37}},"branchMap":{"0":{"loc":{"start":{"line":14,"column":46},"end":{"line":14,"column":92}},"type":"cond-expr","locations":[{"start":{"line":14,"column":70},"end":{"line":14,"column":73}},{"start":{"line":14,"column":76},"end":{"line":14,"column":92}}],"line":14},"1":{"loc":{"start":{"line":14,"column":46},"end":{"line":14,"column":67}},"type":"binary-expr","locations":[{"start":{"line":14,"column":46},"end":{"line":14,"column":49}},{"start":{"line":14,"column":53},"end":{"line":14,"column":67}}],"line":14},"2":{"loc":{"start":{"line":44,"column":4},"end":{"line":59,"column":5}},"type":"if","locations":[{"start":{"line":44,"column":4},"end":{"line":59,"column":5}},{"start":{"line":44,"column":4},"end":{"line":59,"column":5}}],"line":44}},"s":{"0":1,"1":1,"2":1,"3":1,"4":1,"5":3,"6":1,"7":1,"8":1,"9":0,"10":0,"11":0,"12":1,"13":1,"14":1,"15":1,"16":1,"17":1,"18":0,"19":0,"20":0,"21":0,"22":0,"23":0,"24":1,"25":1},"f":{"0":3,"1":0,"2":1},"b":{"0":[1,2],"1":[3,3],"2":[1,0]},"inputSourceMap":{"version":3,"names":["saltRounds","DB_HOST","DB_PORT","DB_USER","DB_DATABASE","DB_PASSWORD","process","env","initDataBase","url","mongoose","connect","useNewUrlParser","useFindAndModify","useUnifiedTopology","useCreateIndex","keepAlive","createAdminUser","findAdmin","models","User","findOne","username","console","log","hash","bcrypt","hashSync","admin","password","name","active","userType","adminUser","save","error"],"sourceRoot":"/app/src/config/","sources":["startup.js"],"sourcesContent":["import mongoose from \"mongoose\";\nimport models from \"../models\";\nimport bcrypt from \"bcrypt\";\nlet saltRounds = 10;\n\nconst { DB_HOST, DB_PORT, DB_USER, DB_DATABASE, DB_PASSWORD } = process.env;\n\nconst initDataBase = async () => {\n  let url = `mongodb://mongodb_cbt:27017/${DB_DATABASE}`;\n\n  await mongoose.connect(url, {\n    useNewUrlParser: true,\n    useFindAndModify: false,\n    useUnifiedTopology: true,\n    useCreateIndex: true,\n    keepAlive: true,\n  });\n  await createAdminUser();\n};\n\nconst createAdminUser = async () => {\n  try {\n    const findAdmin = await models.User.findOne({\n      username: \"jamiebones147@gmail.com\",\n    });\n    console.log(\"find admin is \", findAdmin);\n\n    if (findAdmin) {\n      console.log(\"admin is found\");\n    } else {\n      const hash = bcrypt.hashSync(\"password123\", saltRounds);\n      const admin = {\n        username: \"jamiebones147@gmail.com\",\n        password: hash,\n        name: \"James Oshomah\",\n        active: true,\n        userType: \"super-admin\",\n      };\n      const adminUser = new models.User(admin);\n      await adminUser.save();\n      console.log(\"admin saved\");\n    }\n  } catch (error) {\n    console.log(error);\n  }\n};\n\nexport default { initDataBase, createAdminUser };\n"],"mappings":";;;;;;;AAAA;;AACA;;AACA;;;;AACA,IAAIA,UAAU,GAAG,EAAjB;AAEA,MAAM;EAAEC,OAAF;EAAWC,OAAX;EAAoBC,OAApB;EAA6BC,WAA7B;EAA0CC;AAA1C,IAA0DC,OAAO,CAACC,GAAxE;;AAEA,MAAMC,YAAY,GAAG,YAAY;EAC/B,IAAIC,GAAG,GAAI,+BAA8BL,WAAY,EAArD;EAEA,MAAMM,iBAAA,CAASC,OAAT,CAAiBF,GAAjB,EAAsB;IAC1BG,eAAe,EAAE,IADS;IAE1BC,gBAAgB,EAAE,KAFQ;IAG1BC,kBAAkB,EAAE,IAHM;IAI1BC,cAAc,EAAE,IAJU;IAK1BC,SAAS,EAAE;EALe,CAAtB,CAAN;EAOA,MAAMC,eAAe,EAArB;AACD,CAXD;;AAaA,MAAMA,eAAe,GAAG,YAAY;EAClC,IAAI;IACF,MAAMC,SAAS,GAAG,MAAMC,eAAA,CAAOC,IAAP,CAAYC,OAAZ,CAAoB;MAC1CC,QAAQ,EAAE;IADgC,CAApB,CAAxB;IAGAC,OAAO,CAACC,GAAR,CAAY,gBAAZ,EAA8BN,SAA9B;;IAEA,IAAIA,SAAJ,EAAe;MACbK,OAAO,CAACC,GAAR,CAAY,gBAAZ;IACD,CAFD,MAEO;MACL,MAAMC,IAAI,GAAGC,eAAA,CAAOC,QAAP,CAAgB,aAAhB,EAA+B3B,UAA/B,CAAb;;MACA,MAAM4B,KAAK,GAAG;QACZN,QAAQ,EAAE,yBADE;QAEZO,QAAQ,EAAEJ,IAFE;QAGZK,IAAI,EAAE,eAHM;QAIZC,MAAM,EAAE,IAJI;QAKZC,QAAQ,EAAE;MALE,CAAd;MAOA,MAAMC,SAAS,GAAG,IAAId,eAAA,CAAOC,IAAX,CAAgBQ,KAAhB,CAAlB;MACA,MAAMK,SAAS,CAACC,IAAV,EAAN;MACAX,OAAO,CAACC,GAAR,CAAY,aAAZ;IACD;EACF,CArBD,CAqBE,OAAOW,KAAP,EAAc;IACdZ,OAAO,CAACC,GAAR,CAAYW,KAAZ;EACD;AACF,CAzBD;;eA2Be;EAAE3B,YAAF;EAAgBS;AAAhB,C"},"_coverageSchema":"1a1c01bbd47fc00a2c39e90264f33305004495a9","hash":"4985cc7a27333073c9e4ccbbdf99db9c2dbc25d8","contentHash":"91e6d8f2c6196607f100a44fafd6150a1f4e2ee757e98c353b21527e82236599"},"/app/src/config/winston.js":{"path":"/app/src/config/winston.js","statementMap":{"0":{"start":{"line":3,"column":0},"end":{"line":5,"column":3}},"1":{"start":{"line":6,"column":0},"end":{"line":6,"column":25}},"2":{"start":{"line":8,"column":16},"end":{"line":8,"column":40}},"3":{"start":{"line":10,"column":16},"end":{"line":10,"column":34}},"4":{"start":{"line":12,"column":16},"end":{"line":29,"column":1}},"5":{"start":{"line":30,"column":15},"end":{"line":34,"column":2}},"6":{"start":{"line":35,"column":0},"end":{"line":39,"column":2}},"7":{"start":{"line":37,"column":4},"end":{"line":37,"column":25}},"8":{"start":{"line":40,"column":15},"end":{"line":40,"column":21}},"9":{"start":{"line":41,"column":0},"end":{"line":41,"column":27}}},"fnMap":{"0":{"name":"(anonymous_0)","decl":{"start":{"line":36,"column":9},"end":{"line":36,"column":10}},"loc":{"start":{"line":36,"column":38},"end":{"line":38,"column":3}},"line":36}},"branchMap":{},"s":{"0":1,"1":1,"2":1,"3":1,"4":1,"5":1,"6":1,"7":0,"8":1,"9":1},"f":{"0":0},"b":{},"inputSourceMap":{"version":3,"names":["appRoot","require","winston","options","file","level","filename","handleExceptions","json","maxsize","maxFiles","colorize","console","logger","createLogger","transports","File","Console","exitOnError","stream","write","message","encoding","info"],"sourceRoot":"/app/src/config/","sources":["winston.js"],"sourcesContent":["const appRoot = require(\"app-root-path\");\nconst winston = require(\"winston\");\n\nconst options = {\n  file: {\n    level: \"info\",\n    filename: `${appRoot}/logs/app.log`,\n    handleExceptions: true,\n    json: true,\n    maxsize: 5242880, // 5MB\n    maxFiles: 5,\n    colorize: false,\n  },\n  console: {\n    level: \"debug\",\n    handleExceptions: true,\n    json: false,\n    colorize: true,\n  },\n};\n\nconst logger = new winston.createLogger({\n  transports: [\n    new winston.transports.File(options.file),\n    new winston.transports.Console(options.console),\n  ],\n  exitOnError: false, // do not exit on handled exceptions\n});\n\nlogger.stream = {\n  write: function (message, encoding) {\n    logger.info(message);\n  },\n};\n\nexport default logger;\n"],"mappings":";;;;;;;AAAA,MAAMA,OAAO,GAAGC,OAAO,CAAC,eAAD,CAAvB;;AACA,MAAMC,OAAO,GAAGD,OAAO,CAAC,SAAD,CAAvB;;AAEA,MAAME,OAAO,GAAG;EACdC,IAAI,EAAE;IACJC,KAAK,EAAE,MADH;IAEJC,QAAQ,EAAG,GAAEN,OAAQ,eAFjB;IAGJO,gBAAgB,EAAE,IAHd;IAIJC,IAAI,EAAE,IAJF;IAKJC,OAAO,EAAE,OALL;IAKc;IAClBC,QAAQ,EAAE,CANN;IAOJC,QAAQ,EAAE;EAPN,CADQ;EAUdC,OAAO,EAAE;IACPP,KAAK,EAAE,OADA;IAEPE,gBAAgB,EAAE,IAFX;IAGPC,IAAI,EAAE,KAHC;IAIPG,QAAQ,EAAE;EAJH;AAVK,CAAhB;AAkBA,MAAME,MAAM,GAAG,IAAIX,OAAO,CAACY,YAAZ,CAAyB;EACtCC,UAAU,EAAE,CACV,IAAIb,OAAO,CAACa,UAAR,CAAmBC,IAAvB,CAA4Bb,OAAO,CAACC,IAApC,CADU,EAEV,IAAIF,OAAO,CAACa,UAAR,CAAmBE,OAAvB,CAA+Bd,OAAO,CAACS,OAAvC,CAFU,CAD0B;EAKtCM,WAAW,EAAE,KALyB,CAKlB;;AALkB,CAAzB,CAAf;AAQAL,MAAM,CAACM,MAAP,GAAgB;EACdC,KAAK,EAAE,UAAUC,OAAV,EAAmBC,QAAnB,EAA6B;IAClCT,MAAM,CAACU,IAAP,CAAYF,OAAZ;EACD;AAHa,CAAhB;eAMeR,M"},"_coverageSchema":"1a1c01bbd47fc00a2c39e90264f33305004495a9","hash":"514c6fd5e44b8528d0e243d440a3ce988682ec39","contentHash":"df7f3fc555ff4ecb09cba3cbd408c6b134f4256d980af461f33ac1cd29ae05d9"},"/app/src/middleware/uploadFile.js":{"path":"/app/src/middleware/uploadFile.js","statementMap":{"0":{"start":{"line":3,"column":0},"end":{"line":5,"column":3}},"1":{"start":{"line":6,"column":0},"end":{"line":6,"column":25}},"2":{"start":{"line":8,"column":10},"end":{"line":8,"column":47}},"3":{"start":{"line":10,"column":12},"end":{"line":10,"column":51}},"4":{"start":{"line":12,"column":15},"end":{"line":12,"column":60}},"5":{"start":{"line":14,"column":39},"end":{"line":14,"column":93}},"6":{"start":{"line":16,"column":19},"end":{"line":16,"column":40}},"7":{"start":{"line":18,"column":19},"end":{"line":46,"column":1}},"8":{"start":{"line":19,"column":15},"end":{"line":19,"column":44}},"9":{"start":{"line":20,"column":2},"end":{"line":20,"column":39}},"10":{"start":{"line":21,"column":2},"end":{"line":45,"column":5}},"11":{"start":{"line":22,"column":4},"end":{"line":44,"column":5}},"12":{"start":{"line":23,"column":19},"end":{"line":23,"column":29}},"13":{"start":{"line":24,"column":25},"end":{"line":24,"column":73}},"14":{"start":{"line":25,"column":20},"end":{"line":25,"column":44}},"15":{"start":{"line":26,"column":20},"end":{"line":26,"column":100}},"16":{"start":{"line":28,"column":20},"end":{"line":28,"column":53}},"17":{"start":{"line":30,"column":6},"end":{"line":30,"column":50}},"18":{"start":{"line":33,"column":24},"end":{"line":38,"column":7}},"19":{"start":{"line":39,"column":6},"end":{"line":39,"column":73}},"20":{"start":{"line":40,"column":6},"end":{"line":40,"column":47}},"21":{"start":{"line":42,"column":6},"end":{"line":42,"column":25}},"22":{"start":{"line":43,"column":6},"end":{"line":43,"column":29}},"23":{"start":{"line":48,"column":15},"end":{"line":48,"column":25}},"24":{"start":{"line":49,"column":0},"end":{"line":49,"column":27}}},"fnMap":{"0":{"name":"_interopRequireDefault","decl":{"start":{"line":14,"column":9},"end":{"line":14,"column":31}},"loc":{"start":{"line":14,"column":37},"end":{"line":14,"column":95}},"line":14},"1":{"name":"(anonymous_1)","decl":{"start":{"line":18,"column":19},"end":{"line":18,"column":20}},"loc":{"start":{"line":18,"column":39},"end":{"line":46,"column":1}},"line":18},"2":{"name":"(anonymous_2)","decl":{"start":{"line":21,"column":18},"end":{"line":21,"column":19}},"loc":{"start":{"line":21,"column":54},"end":{"line":45,"column":3}},"line":21}},"branchMap":{"0":{"loc":{"start":{"line":14,"column":46},"end":{"line":14,"column":92}},"type":"cond-expr","locations":[{"start":{"line":14,"column":70},"end":{"line":14,"column":73}},{"start":{"line":14,"column":76},"end":{"line":14,"column":92}}],"line":14},"1":{"loc":{"start":{"line":14,"column":46},"end":{"line":14,"column":67}},"type":"binary-expr","locations":[{"start":{"line":14,"column":46},"end":{"line":14,"column":49}},{"start":{"line":14,"column":53},"end":{"line":14,"column":67}}],"line":14}},"s":{"0":1,"1":1,"2":1,"3":1,"4":1,"5":3,"6":1,"7":1,"8":0,"9":0,"10":0,"11":0,"12":0,"13":0,"14":0,"15":0,"16":0,"17":0,"18":0,"19":0,"20":0,"21":0,"22":0,"23":1,"24":1},"f":{"0":3,"1":0,"2":0},"b":{"0":[1,2],"1":[3,3]},"inputSourceMap":{"version":3,"names":["formidable","require","uploadFile","req","res","next","form","IncomingForm","maxFileSize","parse","err","fields","files","date","Date","dateString","getMilliseconds","getSeconds","oldPath","digitalAssets","path","newPath","resolve","name","rawData","fs","readFileSync","writeFileSync","assetData","fileName","assetType","description","fileType","type","method","digitalAsset","createDigitalAssets","send","error","console","log","Error"],"sourceRoot":"/app/src/middleware/","sources":["uploadFile.js"],"sourcesContent":["import fs from \"fs\";\nimport path from \"path\";\nconst formidable = require(\"formidable\");\nimport method from \"../methods\";\n\nconst uploadFile = (req, res, next) => {\n  const form = new formidable.IncomingForm();\n  form.maxFileSize = 600 * 1024 * 1024;\n  form.parse(req, async function (err, fields, files) {\n    try {\n      const date = new Date();\n      const dateString = date.getMilliseconds() + date.getSeconds() + \"_\";\n      var oldPath = files.digitalAssets.path;\n      var newPath =\n        path.resolve(\"./uploads\") + \"/\" + dateString + files.digitalAssets.name;\n      var rawData = fs.readFileSync(oldPath);\n      fs.writeFileSync(newPath, rawData);\n      //this is where we call the method to save the file in the database\n      const assetData = {\n        fileName: dateString + files.digitalAssets.name,\n        assetType: fields.assetType,\n        description: fields.description,\n        fileType: files.digitalAssets.type,\n      };\n      await method.digitalAsset.createDigitalAssets(assetData);\n      return res.send(\"Successfully uploaded\");\n    } catch (error) {\n      console.log(error);\n      throw new Error(error);\n    }\n  });\n};\n\nexport default uploadFile;\n"],"mappings":";;;;;;;AAAA;;AACA;;AAEA;;;;AADA,MAAMA,UAAU,GAAGC,OAAO,CAAC,YAAD,CAA1B;;AAGA,MAAMC,UAAU,GAAG,CAACC,GAAD,EAAMC,GAAN,EAAWC,IAAX,KAAoB;EACrC,MAAMC,IAAI,GAAG,IAAIN,UAAU,CAACO,YAAf,EAAb;EACAD,IAAI,CAACE,WAAL,GAAmB,MAAM,IAAN,GAAa,IAAhC;EACAF,IAAI,CAACG,KAAL,CAAWN,GAAX,EAAgB,gBAAgBO,GAAhB,EAAqBC,MAArB,EAA6BC,KAA7B,EAAoC;IAClD,IAAI;MACF,MAAMC,IAAI,GAAG,IAAIC,IAAJ,EAAb;MACA,MAAMC,UAAU,GAAGF,IAAI,CAACG,eAAL,KAAyBH,IAAI,CAACI,UAAL,EAAzB,GAA6C,GAAhE;MACA,IAAIC,OAAO,GAAGN,KAAK,CAACO,aAAN,CAAoBC,IAAlC;MACA,IAAIC,OAAO,GACTD,aAAA,CAAKE,OAAL,CAAa,WAAb,IAA4B,GAA5B,GAAkCP,UAAlC,GAA+CH,KAAK,CAACO,aAAN,CAAoBI,IADrE;;MAEA,IAAIC,OAAO,GAAGC,WAAA,CAAGC,YAAH,CAAgBR,OAAhB,CAAd;;MACAO,WAAA,CAAGE,aAAH,CAAiBN,OAAjB,EAA0BG,OAA1B,EAPE,CAQF;;;MACA,MAAMI,SAAS,GAAG;QAChBC,QAAQ,EAAEd,UAAU,GAAGH,KAAK,CAACO,aAAN,CAAoBI,IAD3B;QAEhBO,SAAS,EAAEnB,MAAM,CAACmB,SAFF;QAGhBC,WAAW,EAAEpB,MAAM,CAACoB,WAHJ;QAIhBC,QAAQ,EAAEpB,KAAK,CAACO,aAAN,CAAoBc;MAJd,CAAlB;MAMA,MAAMC,gBAAA,CAAOC,YAAP,CAAoBC,mBAApB,CAAwCR,SAAxC,CAAN;MACA,OAAOxB,GAAG,CAACiC,IAAJ,CAAS,uBAAT,CAAP;IACD,CAjBD,CAiBE,OAAOC,KAAP,EAAc;MACdC,OAAO,CAACC,GAAR,CAAYF,KAAZ;MACA,MAAM,IAAIG,KAAJ,CAAUH,KAAV,CAAN;IACD;EACF,CAtBD;AAuBD,CA1BD;;eA4BepC,U"},"_coverageSchema":"1a1c01bbd47fc00a2c39e90264f33305004495a9","hash":"474d66cea9b770eaae544cdaf92af732c64bdb9d","contentHash":"535faaf5a621f717897d328060db97e882d414dd94fa64c031987b5e6d23a8c5"},"/app/src/methods/index.js":{"path":"/app/src/methods/index.js","statementMap":{"0":{"start":{"line":3,"column":0},"end":{"line":5,"column":3}},"1":{"start":{"line":6,"column":0},"end":{"line":6,"column":25}},"2":{"start":{"line":8,"column":20},"end":{"line":8,"column":69}},"3":{"start":{"line":10,"column":18},"end":{"line":10,"column":65}},"4":{"start":{"line":12,"column":39},"end":{"line":12,"column":93}},"5":{"start":{"line":14,"column":15},"end":{"line":17,"column":1}},"6":{"start":{"line":18,"column":0},"end":{"line":18,"column":27}}},"fnMap":{"0":{"name":"_interopRequireDefault","decl":{"start":{"line":12,"column":9},"end":{"line":12,"column":31}},"loc":{"start":{"line":12,"column":37},"end":{"line":12,"column":95}},"line":12}},"branchMap":{"0":{"loc":{"start":{"line":12,"column":46},"end":{"line":12,"column":92}},"type":"cond-expr","locations":[{"start":{"line":12,"column":70},"end":{"line":12,"column":73}},{"start":{"line":12,"column":76},"end":{"line":12,"column":92}}],"line":12},"1":{"loc":{"start":{"line":12,"column":46},"end":{"line":12,"column":67}},"type":"binary-expr","locations":[{"start":{"line":12,"column":46},"end":{"line":12,"column":49}},{"start":{"line":12,"column":53},"end":{"line":12,"column":67}}],"line":12}},"s":{"0":1,"1":1,"2":1,"3":1,"4":2,"5":1,"6":1},"f":{"0":2},"b":{"0":[2,0],"1":[2,2]},"inputSourceMap":{"version":3,"names":["digitalAsset","uploadFile"],"sourceRoot":"/app/src/methods/","sources":["index.js"],"sourcesContent":["import digitalAsset from \"./digitalAsset\";\nimport uploadFile from \"./uploadFile\";\n\nexport default {\n  digitalAsset,\n  uploadFile,\n};\n"],"mappings":";;;;;;;AAAA;;AACA;;;;eAEe;EACbA,YAAY,EAAZA,qBADa;EAEbC,UAAU,EAAVA;AAFa,C"},"_coverageSchema":"1a1c01bbd47fc00a2c39e90264f33305004495a9","hash":"6abbdcd69a13e1a52a660d68336f218424a2a6ad","contentHash":"12b5037e934f9cca26b143fea917b6cffd46bc245198a1a94f9a712670c24a86"},"/app/src/methods/digitalAsset/index.js":{"path":"/app/src/methods/digitalAsset/index.js","statementMap":{"0":{"start":{"line":3,"column":0},"end":{"line":5,"column":3}},"1":{"start":{"line":6,"column":0},"end":{"line":6,"column":25}},"2":{"start":{"line":8,"column":26},"end":{"line":8,"column":81}},"3":{"start":{"line":10,"column":39},"end":{"line":10,"column":93}},"4":{"start":{"line":12,"column":15},"end":{"line":14,"column":1}},"5":{"start":{"line":15,"column":0},"end":{"line":15,"column":27}}},"fnMap":{"0":{"name":"_interopRequireDefault","decl":{"start":{"line":10,"column":9},"end":{"line":10,"column":31}},"loc":{"start":{"line":10,"column":37},"end":{"line":10,"column":95}},"line":10}},"branchMap":{"0":{"loc":{"start":{"line":10,"column":46},"end":{"line":10,"column":92}},"type":"cond-expr","locations":[{"start":{"line":10,"column":70},"end":{"line":10,"column":73}},{"start":{"line":10,"column":76},"end":{"line":10,"column":92}}],"line":10},"1":{"loc":{"start":{"line":10,"column":46},"end":{"line":10,"column":67}},"type":"binary-expr","locations":[{"start":{"line":10,"column":46},"end":{"line":10,"column":49}},{"start":{"line":10,"column":53},"end":{"line":10,"column":67}}],"line":10}},"s":{"0":1,"1":1,"2":1,"3":1,"4":1,"5":1},"f":{"0":1},"b":{"0":[1,0],"1":[1,1]},"inputSourceMap":{"version":3,"names":["createDigitalAssets"],"sourceRoot":"/app/src/methods/digitalAsset/","sources":["index.js"],"sourcesContent":["import createDigitalAssets from \"./createDigitalAsset\";\n\nexport default {\n  createDigitalAssets,\n};\n"],"mappings":";;;;;;;AAAA;;;;eAEe;EACbA,mBAAmB,EAAnBA;AADa,C"},"_coverageSchema":"1a1c01bbd47fc00a2c39e90264f33305004495a9","hash":"b6a77de9742de1d5ea87373c769eb7d5a97a2956","contentHash":"ed4ac45aae3531b9de952322f82a205a1fd8056b5a34b958cf5d2e055aaa3f69"},"/app/src/methods/digitalAsset/createDigitalAsset.js":{"path":"/app/src/methods/digitalAsset/createDigitalAsset.js","statementMap":{"0":{"start":{"line":3,"column":0},"end":{"line":5,"column":3}},"1":{"start":{"line":6,"column":0},"end":{"line":6,"column":25}},"2":{"start":{"line":8,"column":14},"end":{"line":8,"column":61}},"3":{"start":{"line":10,"column":39},"end":{"line":10,"column":93}},"4":{"start":{"line":12,"column":30},"end":{"line":26,"column":1}},"5":{"start":{"line":18,"column":26},"end":{"line":23,"column":4}},"6":{"start":{"line":24,"column":2},"end":{"line":24,"column":31}},"7":{"start":{"line":25,"column":2},"end":{"line":25,"column":14}},"8":{"start":{"line":28,"column":15},"end":{"line":28,"column":36}},"9":{"start":{"line":29,"column":0},"end":{"line":29,"column":27}}},"fnMap":{"0":{"name":"_interopRequireDefault","decl":{"start":{"line":10,"column":9},"end":{"line":10,"column":31}},"loc":{"start":{"line":10,"column":37},"end":{"line":10,"column":95}},"line":10},"1":{"name":"(anonymous_1)","decl":{"start":{"line":12,"column":30},"end":{"line":12,"column":31}},"loc":{"start":{"line":17,"column":6},"end":{"line":26,"column":1}},"line":17}},"branchMap":{"0":{"loc":{"start":{"line":10,"column":46},"end":{"line":10,"column":92}},"type":"cond-expr","locations":[{"start":{"line":10,"column":70},"end":{"line":10,"column":73}},{"start":{"line":10,"column":76},"end":{"line":10,"column":92}}],"line":10},"1":{"loc":{"start":{"line":10,"column":46},"end":{"line":10,"column":67}},"type":"binary-expr","locations":[{"start":{"line":10,"column":46},"end":{"line":10,"column":49}},{"start":{"line":10,"column":53},"end":{"line":10,"column":67}}],"line":10}},"s":{"0":1,"1":1,"2":1,"3":1,"4":1,"5":0,"6":0,"7":0,"8":1,"9":1},"f":{"0":1,"1":0},"b":{"0":[1,0],"1":[1,1]},"inputSourceMap":{"version":3,"names":["createNewDigitalAsset","fileName","assetType","description","fileType","newDigitalAsset","models","DigitalAsset","save"],"sourceRoot":"/app/src/methods/digitalAsset/","sources":["createDigitalAsset.js"],"sourcesContent":["import models from \"../../models\";\n\nconst createNewDigitalAsset = async ({\n  fileName,\n  assetType,\n  description,\n  fileType,\n}) => {\n  const newDigitalAsset = new models.DigitalAsset({\n    fileName,\n    assetType,\n    description,\n    fileType,\n  });\n  await newDigitalAsset.save();\n  return true;\n};\n\nexport default createNewDigitalAsset;\n"],"mappings":";;;;;;;AAAA;;;;AAEA,MAAMA,qBAAqB,GAAG,OAAO;EACnCC,QADmC;EAEnCC,SAFmC;EAGnCC,WAHmC;EAInCC;AAJmC,CAAP,KAKxB;EACJ,MAAMC,eAAe,GAAG,IAAIC,eAAA,CAAOC,YAAX,CAAwB;IAC9CN,QAD8C;IAE9CC,SAF8C;IAG9CC,WAH8C;IAI9CC;EAJ8C,CAAxB,CAAxB;EAMA,MAAMC,eAAe,CAACG,IAAhB,EAAN;EACA,OAAO,IAAP;AACD,CAdD;;eAgBeR,qB"},"_coverageSchema":"1a1c01bbd47fc00a2c39e90264f33305004495a9","hash":"ae4887a74f5187c89fd84ec17a72c9b9ba37f0fa","contentHash":"6a2d9c71c57e82ec362ecf563b74b9eb11d92d6a32a2f9172ca624d53f133338"},"/app/src/methods/uploadFile.js":{"path":"/app/src/methods/uploadFile.js","statementMap":{"0":{"start":{"line":3,"column":0},"end":{"line":5,"column":3}},"1":{"start":{"line":6,"column":0},"end":{"line":6,"column":25}},"2":{"start":{"line":8,"column":10},"end":{"line":8,"column":47}},"3":{"start":{"line":10,"column":12},"end":{"line":10,"column":51}},"4":{"start":{"line":12,"column":39},"end":{"line":12,"column":93}},"5":{"start":{"line":14,"column":16},"end":{"line":27,"column":1}},"6":{"start":{"line":18,"column":15},"end":{"line":18,"column":25}},"7":{"start":{"line":19,"column":21},"end":{"line":19,"column":63}},"8":{"start":{"line":20,"column":20},"end":{"line":20,"column":90}},"9":{"start":{"line":21,"column":19},"end":{"line":21,"column":46}},"10":{"start":{"line":22,"column":2},"end":{"line":26,"column":127}},"11":{"start":{"line":22,"column":42},"end":{"line":26,"column":125}},"12":{"start":{"line":23,"column":4},"end":{"line":24,"column":40}},"13":{"start":{"line":24,"column":6},"end":{"line":24,"column":40}},"14":{"start":{"line":25,"column":4},"end":{"line":25,"column":18}},"15":{"start":{"line":26,"column":73},"end":{"line":26,"column":86}},"16":{"start":{"line":26,"column":107},"end":{"line":26,"column":124}},"17":{"start":{"line":29,"column":15},"end":{"line":29,"column":22}},"18":{"start":{"line":30,"column":0},"end":{"line":30,"column":27}}},"fnMap":{"0":{"name":"_interopRequireDefault","decl":{"start":{"line":12,"column":9},"end":{"line":12,"column":31}},"loc":{"start":{"line":12,"column":37},"end":{"line":12,"column":95}},"line":12},"1":{"name":"(anonymous_1)","decl":{"start":{"line":14,"column":16},"end":{"line":14,"column":17}},"loc":{"start":{"line":17,"column":6},"end":{"line":27,"column":1}},"line":17},"2":{"name":"(anonymous_2)","decl":{"start":{"line":22,"column":21},"end":{"line":22,"column":22}},"loc":{"start":{"line":22,"column":42},"end":{"line":26,"column":125}},"line":22},"3":{"name":"(anonymous_3)","decl":{"start":{"line":22,"column":61},"end":{"line":22,"column":62}},"loc":{"start":{"line":22,"column":70},"end":{"line":26,"column":3}},"line":22},"4":{"name":"(anonymous_4)","decl":{"start":{"line":26,"column":64},"end":{"line":26,"column":65}},"loc":{"start":{"line":26,"column":73},"end":{"line":26,"column":86}},"line":26},"5":{"name":"(anonymous_5)","decl":{"start":{"line":26,"column":101},"end":{"line":26,"column":102}},"loc":{"start":{"line":26,"column":107},"end":{"line":26,"column":124}},"line":26}},"branchMap":{"0":{"loc":{"start":{"line":12,"column":46},"end":{"line":12,"column":92}},"type":"cond-expr","locations":[{"start":{"line":12,"column":70},"end":{"line":12,"column":73}},{"start":{"line":12,"column":76},"end":{"line":12,"column":92}}],"line":12},"1":{"loc":{"start":{"line":12,"column":46},"end":{"line":12,"column":67}},"type":"binary-expr","locations":[{"start":{"line":12,"column":46},"end":{"line":12,"column":49}},{"start":{"line":12,"column":53},"end":{"line":12,"column":67}}],"line":12},"2":{"loc":{"start":{"line":23,"column":4},"end":{"line":24,"column":40}},"type":"if","locations":[{"start":{"line":23,"column":4},"end":{"line":24,"column":40}},{"start":{"line":23,"column":4},"end":{"line":24,"column":40}}],"line":23}},"s":{"0":1,"1":1,"2":1,"3":1,"4":2,"5":1,"6":0,"7":0,"8":0,"9":0,"10":0,"11":0,"12":0,"13":0,"14":0,"15":0,"16":0,"17":1,"18":1},"f":{"0":2,"1":0,"2":0,"3":0,"4":0,"5":0},"b":{"0":[0,2],"1":[2,2],"2":[0,0]},"inputSourceMap":{"version":3,"names":["storeFS","stream","filename","date","Date","dateString","getMilliseconds","getSeconds","uploadDir","path","resolve","filePath","Promise","reject","on","error","truncated","fs","unlinkSync","pipe","createWriteStream"],"sourceRoot":"/app/src/methods/","sources":["uploadFile.js"],"sourcesContent":["import fs from \"fs\";\nimport path from \"path\";\n\nconst storeFS = ({ stream, filename }) => {\n  const date = new Date();\n  const dateString = date.getMilliseconds() + date.getSeconds();\n  const uploadDir =\n    path.resolve(\"./uploads\") + \"/\" + dateString + \"-\" + filename;\n\n  const filePath = dateString + \"-\" + filename;\n\n  return new Promise((resolve, reject) =>\n    stream\n      .on(\"error\", (error) => {\n        if (stream.truncated)\n          // delete the truncated file\n          fs.unlinkSync(uploadDir);\n        reject(error);\n      })\n      .pipe(fs.createWriteStream(uploadDir))\n      .on(\"error\", (error) => reject(error))\n      .on(\"finish\", () => resolve(filePath))\n  );\n};\n\nexport default storeFS;\n"],"mappings":";;;;;;;AAAA;;AACA;;;;AAEA,MAAMA,OAAO,GAAG,CAAC;EAAEC,MAAF;EAAUC;AAAV,CAAD,KAA0B;EACxC,MAAMC,IAAI,GAAG,IAAIC,IAAJ,EAAb;EACA,MAAMC,UAAU,GAAGF,IAAI,CAACG,eAAL,KAAyBH,IAAI,CAACI,UAAL,EAA5C;EACA,MAAMC,SAAS,GACbC,aAAA,CAAKC,OAAL,CAAa,WAAb,IAA4B,GAA5B,GAAkCL,UAAlC,GAA+C,GAA/C,GAAqDH,QADvD;EAGA,MAAMS,QAAQ,GAAGN,UAAU,GAAG,GAAb,GAAmBH,QAApC;EAEA,OAAO,IAAIU,OAAJ,CAAY,CAACF,OAAD,EAAUG,MAAV,KACjBZ,MAAM,CACHa,EADH,CACM,OADN,EACgBC,KAAD,IAAW;IACtB,IAAId,MAAM,CAACe,SAAX,EACE;MACAC,WAAA,CAAGC,UAAH,CAAcV,SAAd;IACFK,MAAM,CAACE,KAAD,CAAN;EACD,CANH,EAOGI,IAPH,CAOQF,WAAA,CAAGG,iBAAH,CAAqBZ,SAArB,CAPR,EAQGM,EARH,CAQM,OARN,EAQgBC,KAAD,IAAWF,MAAM,CAACE,KAAD,CARhC,EASGD,EATH,CASM,QATN,EASgB,MAAMJ,OAAO,CAACC,QAAD,CAT7B,CADK,CAAP;AAYD,CApBD;;eAsBeX,O"},"_coverageSchema":"1a1c01bbd47fc00a2c39e90264f33305004495a9","hash":"7be39c525cdaaf3404a74a996e3c4395dce04d5c","contentHash":"518165e4a453f0e8791d8810515ce0b4474f8e35e81fa64339667f1cd34c43de"},"/app/src/startup/createApolloServer.js":{"path":"/app/src/startup/createApolloServer.js","statementMap":{"0":{"start":{"line":3,"column":0},"end":{"line":5,"column":3}},"1":{"start":{"line":6,"column":0},"end":{"line":6,"column":25}},"2":{"start":{"line":8,"column":14},"end":{"line":8,"column":58}},"3":{"start":{"line":10,"column":17},"end":{"line":10,"column":64}},"4":{"start":{"line":12,"column":27},"end":{"line":12,"column":59}},"5":{"start":{"line":14,"column":14},"end":{"line":14,"column":58}},"6":{"start":{"line":16,"column":14},"end":{"line":16,"column":58}},"7":{"start":{"line":18,"column":39},"end":{"line":18,"column":93}},"8":{"start":{"line":20,"column":27},"end":{"line":76,"column":1}},"9":{"start":{"line":21,"column":17},"end":{"line":74,"column":4}},"10":{"start":{"line":26,"column":6},"end":{"line":29,"column":7}},"11":{"start":{"line":27,"column":8},"end":{"line":27,"column":32}},"12":{"start":{"line":28,"column":8},"end":{"line":28,"column":27}},"13":{"start":{"line":31,"column":6},"end":{"line":33,"column":7}},"14":{"start":{"line":32,"column":8},"end":{"line":32,"column":59}},"15":{"start":{"line":35,"column":6},"end":{"line":37,"column":7}},"16":{"start":{"line":36,"column":8},"end":{"line":36,"column":50}},"17":{"start":{"line":39,"column":6},"end":{"line":39,"column":43}},"18":{"start":{"line":40,"column":6},"end":{"line":40,"column":17}},"19":{"start":{"line":47,"column":19},"end":{"line":47,"column":46}},"20":{"start":{"line":49,"column":21},"end":{"line":49,"column":48}},"21":{"start":{"line":51,"column":6},"end":{"line":58,"column":7}},"22":{"start":{"line":52,"column":8},"end":{"line":57,"column":10}},"23":{"start":{"line":60,"column":6},"end":{"line":67,"column":7}},"24":{"start":{"line":61,"column":8},"end":{"line":66,"column":10}},"25":{"start":{"line":75,"column":2},"end":{"line":75,"column":16}},"26":{"start":{"line":78,"column":15},"end":{"line":78,"column":33}},"27":{"start":{"line":79,"column":0},"end":{"line":79,"column":27}}},"fnMap":{"0":{"name":"_interopRequireDefault","decl":{"start":{"line":18,"column":9},"end":{"line":18,"column":31}},"loc":{"start":{"line":18,"column":37},"end":{"line":18,"column":95}},"line":18},"1":{"name":"(anonymous_1)","decl":{"start":{"line":20,"column":27},"end":{"line":20,"column":28}},"loc":{"start":{"line":20,"column":42},"end":{"line":76,"column":1}},"line":20},"2":{"name":"(anonymous_2)","decl":{"start":{"line":25,"column":4},"end":{"line":25,"column":5}},"loc":{"start":{"line":25,"column":21},"end":{"line":41,"column":5}},"line":25},"3":{"name":"(anonymous_3)","decl":{"start":{"line":43,"column":13},"end":{"line":43,"column":14}},"loc":{"start":{"line":46,"column":10},"end":{"line":68,"column":5}},"line":46}},"branchMap":{"0":{"loc":{"start":{"line":18,"column":46},"end":{"line":18,"column":92}},"type":"cond-expr","locations":[{"start":{"line":18,"column":70},"end":{"line":18,"column":73}},{"start":{"line":18,"column":76},"end":{"line":18,"column":92}}],"line":18},"1":{"loc":{"start":{"line":18,"column":46},"end":{"line":18,"column":67}},"type":"binary-expr","locations":[{"start":{"line":18,"column":46},"end":{"line":18,"column":49}},{"start":{"line":18,"column":53},"end":{"line":18,"column":67}}],"line":18},"2":{"loc":{"start":{"line":26,"column":6},"end":{"line":29,"column":7}},"type":"if","locations":[{"start":{"line":26,"column":6},"end":{"line":29,"column":7}},{"start":{"line":26,"column":6},"end":{"line":29,"column":7}}],"line":26},"3":{"loc":{"start":{"line":31,"column":6},"end":{"line":33,"column":7}},"type":"if","locations":[{"start":{"line":31,"column":6},"end":{"line":33,"column":7}},{"start":{"line":31,"column":6},"end":{"line":33,"column":7}}],"line":31},"4":{"loc":{"start":{"line":35,"column":6},"end":{"line":37,"column":7}},"type":"if","locations":[{"start":{"line":35,"column":6},"end":{"line":37,"column":7}},{"start":{"line":35,"column":6},"end":{"line":37,"column":7}}],"line":35},"5":{"loc":{"start":{"line":51,"column":6},"end":{"line":58,"column":7}},"type":"if","locations":[{"start":{"line":51,"column":6},"end":{"line":58,"column":7}},{"start":{"line":51,"column":6},"end":{"line":58,"column":7}}],"line":51},"6":{"loc":{"start":{"line":60,"column":6},"end":{"line":67,"column":7}},"type":"if","locations":[{"start":{"line":60,"column":6},"end":{"line":67,"column":7}},{"start":{"line":60,"column":6},"end":{"line":67,"column":7}}],"line":60}},"s":{"0":1,"1":1,"2":1,"3":1,"4":1,"5":1,"6":1,"7":4,"8":1,"9":1,"10":0,"11":0,"12":0,"13":0,"14":0,"15":0,"16":0,"17":0,"18":0,"19":4,"20":4,"21":4,"22":0,"23":4,"24":4,"25":1,"26":1,"27":1},"f":{"0":4,"1":1,"2":0,"3":4},"b":{"0":[4,0],"1":[4,4],"2":[0,0],"3":[0,0],"4":[0,0],"5":[0,4],"6":[4,0]},"inputSourceMap":{"version":3,"names":["createApolloServer","app","server","ApolloServer","typeDefs","schema","resolvers","formatError","err","AuthenticationError","console","log","message","UserInputError","Error","startsWith","context","req","connection","user","config","isAuth","secret","keys","models","playground","settings"],"sourceRoot":"/app/src/startup/","sources":["createApolloServer.js"],"sourcesContent":["import schema from \"../schema\";\nimport resolvers from \"../resolvers\";\nimport {\n  ApolloServer,\n  AuthenticationError,\n  UserInputError,\n} from \"apollo-server-express\";\nimport models from \"../models\";\nimport config from \"../config\";\n\nconst createApolloServer = function (app) {\n  const server = new ApolloServer({\n    typeDefs: schema,\n    resolvers,\n    formatError(err) {\n      if (err instanceof Authenticatio
[...]
mn":25},"end":{"line":172,"column":50}},"54":{"start":{"line":174,"column":25},"end":{"line":174,"column":76}},"55":{"start":{"line":176,"column":8},"end":{"line":176,"column":41}},"56":{"start":{"line":179,"column":8},"end":{"line":179,"column":69}},"57":{"start":{"line":180,"column":8},"end":{"line":180,"column":20}},"58":{"start":{"line":182,"column":8},"end":{"line":182,"column":27}},"59":{"start":{"line":183,"column":8},"end":{"line":183,"column":20}},"60":{"start":{"line":192,"column":6},"end":{"line":215,"column":7}},"61":{"start":{"line":193,"column":25},"end":{"line":195,"column":10}},"62":{"start":{"line":197,"column":8},"end":{"line":199,"column":9}},"63":{"start":{"line":198,"column":10},"end":{"line":198,"column":57}},"64":{"start":{"line":202,"column":25},"end":{"line":202,"column":76}},"65":{"start":{"line":204,"column":8},"end":{"line":204,"column":41}},"66":{"start":{"line":208,"column":8},"end":{"line":208,"column":32}},"67":{"start":{"line":209,"column":8},"end":{"line":209,"column":31}},"68":{"start":{"line":210,"column":8},"end":{"line":210,"column":30}},"69":{"start":{"line":211,"column":8},"end":{"line":211,"column":20}},"70":{"start":{"line":213,"column":8},"end":{"line":213,"column":27}},"71":{"start":{"line":214,"column":8},"end":{"line":214,"column":20}},"72":{"start":{"line":231,"column":10},"end":{"line":231,"column":15}},"73":{"start":{"line":233,"column":6},"end":{"line":280,"column":7}},"74":{"start":{"line":235,"column":8},"end":{"line":262,"column":9}},"75":{"start":{"line":239,"column":14},"end":{"line":239,"column":29}},"76":{"start":{"line":240,"column":25},"end":{"line":240,"column":43}},"77":{"start":{"line":241,"column":24},"end":{"line":244,"column":12}},"78":{"start":{"line":246,"column":32},"end":{"line":256,"column":12}},"79":{"start":{"line":257,"column":10},"end":{"line":257,"column":37}},"80":{"start":{"line":258,"column":10},"end":{"line":258,"column":31}},"81":{"start":{"line":260,"column":10},"end":{"line":260,"column":29}},"82":{"start":{"line":261,"column":10},"end":{"line":261,"column":33}},"83":{"start":{"line":264,"column":8},"end":{"line":279,"column":9}},"84":{"start":{"line":265,"column":32},"end":{"line":273,"column":12}},"85":{"start":{"line":274,"column":10},"end":{"line":274,"column":37}},"86":{"start":{"line":275,"column":10},"end":{"line":275,"column":22}},"87":{"start":{"line":277,"column":10},"end":{"line":277,"column":29}},"88":{"start":{"line":278,"column":10},"end":{"line":278,"column":33}},"89":{"start":{"line":284,"column":0},"end":{"line":284,"column":27}}},"fnMap":{"0":{"name":"_interopRequireDefault","decl":{"start":{"line":14,"column":9},"end":{"line":14,"column":31}},"loc":{"start":{"line":14,"column":37},"end":{"line":14,"column":95}},"line":14},"1":{"name":"(anonymous_1)","decl":{"start":{"line":18,"column":27},"end":{"line":18,"column":28}},"loc":{"start":{"line":23,"column":10},"end":{"line":45,"column":5}},"line":23},"2":{"name":"(anonymous_2)","decl":{"start":{"line":36,"column":22},"end":{"line":36,"column":23}},"loc":{"start":{"line":36,"column":34},"end":{"line":41,"column":9}},"line":36},"3":{"name":"(anonymous_3)","decl":{"start":{"line":46,"column":25},"end":{"line":46,"column":26}},"loc":{"start":{"line":48,"column":10},"end":{"line":51,"column":5}},"line":48},"4":{"name":"(anonymous_4)","decl":{"start":{"line":52,"column":23},"end":{"line":52,"column":24}},"loc":{"start":{"line":56,"column":10},"end":{"line":64,"column":5}},"line":56},"5":{"name":"(anonymous_5)","decl":{"start":{"line":65,"column":26},"end":{"line":65,"column":27}},"loc":{"start":{"line":70,"column":10},"end":{"line":86,"column":5}},"line":70},"6":{"name":"(anonymous_6)","decl":{"start":{"line":89,"column":27},"end":{"line":89,"column":28}},"loc":{"start":{"line":91,"column":10},"end":{"line":102,"column":5}},"line":91},"7":{"name":"(anonymous_7)","decl":{"start":{"line":103,"column":23},"end":{"line":103,"column":24}},"loc":{"start":{"line":107,"column":10},"end":{"line":156,"column":5}},"line":107},"8":{"name":"(anonymous_8)","decl":{"start":{"line":157,"column":25},"end":{"line":157,"column":26}},"loc":{"start":{"line":161,"column":10},"end":{"line":185,"column":5}},"line":161},"9":{"name":"(anonymous_9)","decl":{"start":{"line":186,"column":17},"end":{"line":186,"column":18}},"loc":{"start":{"line":191,"column":10},"end":{"line":216,"column":5}},"line":191},"10":{"name":"(anonymous_10)","decl":{"start":{"line":217,"column":23},"end":{"line":217,"column":24}},"loc":{"start":{"line":221,"column":10},"end":{"line":281,"column":5}},"line":221}},"branchMap":{"0":{"loc":{"start":{"line":14,"column":46},"end":{"line":14,"column":92}},"type":"cond-expr","locations":[{"start":{"line":14,"column":70},"end":{"line":14,"column":73}},{"start":{"line":14,"column":76},"end":{"line":14,"column":92}}],"line":14},"1":{"loc":{"start":{"line":14,"column":46},"end":{"line":14,"column":67}},"type":"binary-expr","locations":[{"start":{"line":14,"column":46},"end":{"line":14,"column":49}},{"start":{"line":14,"column":53},"end":{"line":14,"column":67}}],"line":14},"2":{"loc":{"start":{"line":35,"column":6},"end":{"line":42,"column":7}},"type":"if","locations":[{"start":{"line":35,"column":6},"end":{"line":42,"column":7}},{"start":{"line":35,"column":6},"end":{"line":42,"column":7}}],"line":35},"3":{"loc":{"start":{"line":118,"column":8},"end":{"line":151,"column":9}},"type":"if","locations":[{"start":{"line":118,"column":8},"end":{"line":151,"column":9}},{"start":{"line":118,"column":8},"end":{"line":151,"column":9}}],"line":118},"4":{"loc":{"start":{"line":167,"column":8},"end":{"line":169,"column":9}},"type":"if","locations":[{"start":{"line":167,"column":8},"end":{"line":169,"column":9}},{"start":{"line":167,"column":8},"end":{"line":169,"column":9}}],"line":167},"5":{"loc":{"start":{"line":197,"column":8},"end":{"line":199,"column":9}},"type":"if","locations":[{"start":{"line":197,"column":8},"end":{"line":199,"column":9}},{"start":{"line":197,"column":8},"end":{"line":199,"column":9}}],"line":197},"6":{"loc":{"start":{"line":233,"column":6},"end":{"line":280,"column":7}},"type":"if","locations":[{"start":{"line":233,"column":6},"end":{"line":280,"column":7}},{"start":{"line":233,"column":6},"end":{"line":280,"column":7}}],"line":233}},"s":{"0":1,"1":1,"2":1,"3":1,"4":1,"5":3,"6":1,"7":0,"8":0,"9":0,"10":0,"11":0,"12":0,"13":0,"14":0,"15":0,"16":0,"17":0,"18":0,"19":0,"20":0,"21":0,"22":0,"23":0,"24":0,"25":0,"26":0,"27":0,"28":0,"29":0,"30":0,"31":0,"32":0,"33":0,"34":0,"35":0,"36":0,"37":0,"38":0,"39":0,"40":0,"41":0,"42":0,"43":0,"44":0,"45":0,"46":0,"47":0,"48":0,"49":0,"50":0,"51":0,"52":0,"53":0,"54":0,"55":0,"56":0,"57":0,"58":0,"59":0,"60":0,"61":0,"62":0,"63":0,"64":0,"65":0,"66":0,"67":0,"68":0,"69":0,"70":0,"71":0,"72":0,"73":0,"74":0,"75":0,"76":0,"77":0,"78":0,"79":0,"80":0,"81":0,"82":0,"83":0,"84":0,"85":0,"86":0,"87":0,"88":0,"89":1},"f":{"0":3,"1":0,"2":0,"3":0,"4":0,"5":0,"6":0,"7":0,"8":0,"9":0,"10":0},"b":{"0":[1,2],"1":[3,3],"2":[0,0],"3":[0,0],"4":[0,0],"5":[0,0],"6":[0,0]},"inputSourceMap":{"version":3,"names":["Query","autoGenEssayQuestions","_","examId","number","models","questions","EssayExamQuestion","aggregate","$match","$sample","size","mapArray","length","map","question","questionMap","id","_id","push","getAnyEssayQuestion","parent","findOne","getEssayQuestions","numberToReturn","getAllEssayQuestions","offset","query","find","totalQuestion","countDocuments","skip","limit","sort","exec","Mutation","saveBulkEssayQuestion","args","input","uploadResult","insertMany","error","console","log","Error","editEssayQuestion","clue","possibleAnswers","mediaType","mediaFile","createReadStream","filename","stream","pathObj","methods","uploadFile","filter","update","mediaUrl","findOneAndUpdate","deleteEssayQuestion","questionId","questionToDelete","filePath","path","resolve","fs","unlinkSync","findByIdAndRemove","deleteMedia","save","saveEssayQuestion","type","examinationType","essayQuestion","createdAt","Date"],"sourceRoot":"/app/src/resolvers/","sources":["essayExamQuestionResolvers.js"],"sourcesContent":["import methods from \"../methods\";\nimport path from \"path\";\nimport fs from \"fs\";\n\nexport default {\n  Query: {\n    autoGenEssayQuestions: async (_, { examId, number }, { models }) => {\n      const questions = await models.EssayExamQuestion.aggregate([\n        { $match: { examId: examId } },\n        { $sample: { size: number } },\n      ]);\n\n      let mapArray = [];\n      if (questions.length > 0) {\n        questions.map((question) => {\n          let questionMap = { ...question };\n          questionMap.id = question._id;\n          mapArray.push(questionMap);\n        });\n      }\n      return mapArray;\n    },\n    getAnyEssayQuestion: async (parent, {}, { models }) => {\n      const question = await models.EssayExamQuestion.findOne();\n      return question;\n    },\n    getEssayQuestions: async (parent, { number }, { models }) => {\n      let numberToReturn = +number;\n      const questions = await models.EssayExamQuestion.aggregate([\n        { $sample: { size: numberToReturn } },\n      ]);\n      return questions;\n    },\n    getAllEssayQuestions: async (parent, { offset, examId }, { models }) => {\n      const query = models.EssayExamQuestion.find({ examId: examId });\n      const totalQuestion = await models.EssayExamQuestion.find({\n        examId,\n      }).countDocuments();\n      //query.sort({ createdAt: -1 });\n      query.skip(offset);\n      query.limit(20);\n      query.sort(\"-createdAt\");\n      const questions = await query.exec();\n      return {\n        questions,\n        totalQuestion,\n      };\n    },\n  },\n  Mutation: {\n    saveBulkEssayQuestion: async (_, args, { models }) => {\n      try {\n        const { input } = args;\n        const uploadResult = await models.EssayExamQuestion.insertMany(input);\n        return uploadResult.length;\n      } catch (error) {\n        console.log(error);\n        throw new Error(`Database Error`);\n      }\n    },\n    editEssayQuestion: async (parent, { input }, { models }) => {\n      try {\n        const {\n          id,\n          question,\n          clue,\n          possibleAnswers,\n          mediaType,\n          mediaFile,\n        } = input;\n        if (mediaFile) {\n          const { createReadStream, filename } = await mediaFile;\n          const stream = createReadStream();\n          let pathObj = await methods.uploadFile({\n            stream,\n            filename,\n          });\n\n          const filter = { _id: id };\n          const update = {\n            question,\n            clue,\n            possibleAnswers,\n            mediaType,\n            mediaUrl: pathObj,\n          };\n          await models.EssayExamQuestion.findOneAndUpdate(filter, update);\n          return true;\n        } else {\n          const filter = { _id: id };\n          const update = {\n            question,\n            clue,\n            possibleAnswers,\n          };\n          await models.EssayExamQuestion.findOneAndUpdate(filter, update);\n          return true;\n        }\n      } catch (error) {\n        console.log(error);\n        throw error;\n      }\n    },\n    deleteEssayQuestion: async (parent, { questionId }, { models }) => {\n      try {\n        const questionToDelete = await models.EssayExamQuestion.findOne({\n          _id: questionId,\n        });\n        if (!questionToDelete) {\n          throw new Error(\"the question you want to delete does not exist\");\n        }\n        //check if we have a media url and delete that\n        const mediaUrl = questionToDelete.mediaUrl;\n        //construct the path we want to use to delete the file\n        const filePath = path.resolve(\"./uploads\") + \"/\" + mediaUrl;\n        //delete the file\n        fs.unlinkSync(filePath);\n        //delete the question entry here\n        await models.EssayExamQuestion.findByIdAndRemove(questionId);\n        return true;\n      } catch (error) {\n        console.log(error);\n        throw error;\n      }\n    },\n    deleteMedia: async (parent, { questionId, mediaUrl }, { models }) => {\n      try {\n        const question = await models.EssayExamQuestion.findOne({\n          _id: questionId,\n        });\n        if (!question) {\n          throw new Error(\"the question does not exist\");\n        }\n\n        //construct the path we want to use to delete the file\n        const filePath = path.resolve(\"./uploads\") + \"/\" + mediaUrl;\n        //delete the file\n        fs.unlinkSync(filePath);\n        //delete the question entry here\n        //update the question here\n        question.mediaType = \"\";\n        question.mediaUrl = \"\";\n        await question.save();\n        return true;\n      } catch (error) {\n        console.log(error);\n        throw error;\n      }\n    },\n    saveEssayQuestion: async (parent, { input }, { models }) => {\n      const {\n        type,\n        question,\n        clue,\n        possibleAnswers,\n        examId,\n        examinationType,\n        mediaType,\n        mediaFile,\n      } = input;\n\n      if (mediaFile) {\n        //we have an uploaded file\n        try {\n          const { createReadStream, filename } = await mediaFile;\n          const stream = createReadStream();\n          let pathObj = await methods.uploadFile({\n            stream,\n            filename,\n          });\n          //let us save the stuff in the\n          const essayQuestion = new models.EssayExamQuestion({\n            type,\n            question,\n            clue,\n            possibleAnswers,\n            mediaUrl: pathObj,\n            examId,\n            examinationType,\n            createdAt: new Date(),\n            mediaType: mediaType,\n          });\n          await essayQuestion.save();\n          return essayQuestion;\n        } catch (error) {\n          console.log(error);\n          throw new Error(error);\n        }\n      } else {\n        try {\n          const essayQuestion = new models.EssayExamQuestion({\n            type,\n            question,\n            clue,\n            possibleAnswers,\n            examId,\n            examinationType,\n            createdAt: new Date(),\n          });\n          await essayQuestion.save();\n          return true;\n        } catch (error) {\n          console.log(error);\n          throw new Error(error);\n        }\n      }\n    },\n  },\n};\n"],"mappings":";;;;;;;AAAA;;AACA;;AACA;;;;eAEe;EACbA,KAAK,EAAE;IACLC,qBAAqB,EAAE,OAAOC,CAAP,EAAU;MAAEC,MAAF;MAAUC;IAAV,CAAV,EAA8B;MAAEC;IAAF,CAA9B,KAA6C;MAClE,MAAMC,SAAS,GAAG,MAAMD,MAAM,CAACE,iBAAP,CAAyBC,SAAzB,CAAmC,CACzD;QAAEC,MAAM,EAAE;UAAEN,MAAM,EAAEA;QAAV;MAAV,CADyD,EAEzD;QAAEO,OAAO,EAAE;UAAEC,IAAI,EAAEP;QAAR;MAAX,CAFyD,CAAnC,CAAxB;MAKA,IAAIQ,QAAQ,GAAG,EAAf;;MACA,IAAIN,SAAS,CAACO,MAAV,GAAmB,CAAvB,EAA0B;QACxBP,SAAS,CAACQ,GAAV,CAAeC,QAAD,IAAc;UAC1B,IAAIC,WAAW,GAAG,EAAE,GAAGD;UAAL,CAAlB;UACAC,WAAW,CAACC,EAAZ,GAAiBF,QAAQ,CAACG,GAA1B;UACAN,QAAQ,CAACO,IAAT,CAAcH,WAAd;QACD,CAJD;MAKD;;MACD,OAAOJ,QAAP;IACD,CAhBI;IAiBLQ,mBAAmB,EAAE,OAAOC,MAAP,EAAe,EAAf,EAAmB;MAAEhB;IAAF,CAAnB,KAAkC;MACrD,MAAMU,QAAQ,GAAG,MAAMV,MAAM,CAACE,iBAAP,CAAyBe,OAAzB,EAAvB;MACA,OAAOP,QAAP;IACD,CApBI;IAqBLQ,iBAAiB,EAAE,OAAOF,MAAP,EAAe;MAAEjB;IAAF,CAAf,EAA2B;MAAEC;IAAF,CAA3B,KAA0C;MAC3D,IAAImB,cAAc,GAAG,CAACpB,MAAtB;MACA,MAAME,SAAS,GAAG,MAAMD,MAAM,CAACE,iBAAP,CAAyBC,SAAzB,CAAmC,CACzD;QAAEE,OAAO,EAAE;UAAEC,IAAI,EAAEa;QAAR;MAAX,CADyD,CAAnC,CAAxB;MAGA,OAAOlB,SAAP;IACD,CA3BI;IA4BLmB,oBAAoB,EAAE,OAAOJ,MAAP,EAAe;MAAEK,MAAF;MAAUvB;IAAV,CAAf,EAAmC;MAAEE;IAAF,CAAnC,KAAkD;MACtE,MAAMsB,KAAK,GAAGtB,MAAM,CAACE,iBAAP,CAAyBqB,IAAzB,CAA8B;QAAEzB,MAAM,EAAEA;MAAV,CAA9B,CAAd;MACA,MAAM0B,aAAa,GAAG,MAAMxB,MAAM,CAACE,iBAAP,CAAyBqB,IAAzB,CAA8B;QACxDzB;MADwD,CAA9B,EAEzB2B,cAFyB,EAA5B,CAFsE,CAKtE;;MACAH,KAAK,CAACI,IAAN,CAAWL,MAAX;MACAC,KAAK,CAACK,KAAN,CAAY,EAAZ;MACAL,KAAK,CAACM,IAAN,CAAW,YAAX;MACA,MAAM3B,SAAS,GAAG,MAAMqB,KAAK,CAACO,IAAN,EAAxB;MACA,OAAO;QACL5B,SADK;QAELuB;MAFK,CAAP;IAID;EA1CI,CADM;EA6CbM,QAAQ,EAAE;IACRC,qBAAqB,EAAE,OAAOlC,CAAP,EAAUmC,IAAV,EAAgB;MAAEhC;IAAF,CAAhB,KAA+B;MACpD,IAAI;QACF,MAAM;UAAEiC;QAAF,IAAYD,IAAlB;QACA,MAAME,YAAY,GAAG,MAAMlC,MAAM,CAACE,iBAAP,CAAyBiC,UAAzB,CAAoCF,KAApC,CAA3B;QACA,OAAOC,YAAY,CAAC1B,MAApB;MACD,CAJD,CAIE,OAAO4B,KAAP,EAAc;QACdC,OAAO,CAACC,GAAR,CAAYF,KAAZ;QACA,MAAM,IAAIG,KAAJ,CAAW,gBAAX,CAAN;MACD;IACF,CAVO;IAWRC,iBAAiB,EAAE,OAAOxB,MAAP,EAAe;MAAEiB;IAAF,CAAf,EAA0B;MAAEjC;IAAF,CAA1B,KAAyC;MAC1D,IAAI;QACF,MAAM;UACJY,EADI;UAEJF,QAFI;UAGJ+B,IAHI;UAIJC,eAJI;UAKJC,SALI;UAMJC;QANI,IAOFX,KAPJ;;QAQA,IAAIW,SAAJ,EAAe;UACb,MAAM;YAAEC,gBAAF;YAAoBC;UAApB,IAAiC,MAAMF,SAA7C;UACA,MAAMG,MAAM,GAAGF,gBAAgB,EAA/B;UACA,IAAIG,OAAO,GAAG,MAAMC,gBAAA,CAAQC,UAAR,CAAmB;YACrCH,MADqC;YAErCD;UAFqC,CAAnB,CAApB;UAKA,MAAMK,MAAM,GAAG;YAAEtC,GAAG,EAAED;UAAP,CAAf;UACA,MAAMwC,MAAM,GAAG;YACb1C,QADa;YAEb+B,IAFa;YAGbC,eAHa;YAIbC,SAJa;YAKbU,QAAQ,EAAEL;UALG,CAAf;UAOA,MAAMhD,MAAM,CAACE,iBAAP,CAAyBoD,gBAAzB,CAA0CH,MAA1C,EAAkDC,MAAlD,CAAN;UACA,OAAO,IAAP;QACD,CAlBD,MAkBO;UACL,MAAMD,MAAM,GAAG;YAAEtC,GAAG,EAAED;UAAP,CAAf;UACA,MAAMwC,MAAM,GAAG;YACb1C,QADa;YAEb+B,IAFa;YAGbC;UAHa,CAAf;UAKA,MAAM1C,MAAM,CAACE,iBAAP,CAAyBoD,gBAAzB,CAA0CH,MAA1C,EAAkDC,MAAlD,CAAN;UACA,OAAO,IAAP;QACD;MACF,CArCD,CAqCE,OAAOhB,KAAP,EAAc;QACdC,OAAO,CAACC,GAAR,CAAYF,KAAZ;QACA,MAAMA,KAAN;MACD;IACF,CArDO;IAsDRmB,mBAAmB,EAAE,OAAOvC,MAAP,EAAe;MAAEwC;IAAF,CAAf,EAA+B;MAAExD;IAAF,CAA/B,KAA8C;MACjE,IAAI;QACF,MAAMyD,gBAAgB,GAAG,MAAMzD,MAAM,CAACE,iBAAP,CAAyBe,OAAzB,CAAiC;UAC9DJ,GAAG,EAAE2C;QADyD,CAAjC,CAA/B;;QAGA,IAAI,CAACC,gBAAL,EAAuB;UACrB,MAAM,IAAIlB,KAAJ,CAAU,gDAAV,CAAN;QACD,CANC,CAOF;;;QACA,MAAMc,QAAQ,GAAGI,gBAAgB,CAACJ,QAAlC,CARE,CASF;;QACA,MAAMK,QAAQ,GAAGC,aAAA,CAAKC,OAAL,CAAa,WAAb,IAA4B,GAA5B,GAAkCP,QAAnD,CAVE,CAWF;;QACAQ,WAAA,CAAGC,UAAH,CAAcJ,QAAd,EAZE,CAaF;;;QACA,MAAM1D,MAAM,CAACE,iBAAP,CAAyB6D,iBAAzB,CAA2CP,UAA3C,CAAN;QACA,OAAO,IAAP;MACD,CAhBD,CAgBE,OAAOpB,KAAP,EAAc;QACdC,OAAO,CAACC,GAAR,CAAYF,KAAZ;QACA,MAAMA,KAAN;MACD;IACF,CA3EO;IA4ER4B,WAAW,EAAE,OAAOhD,MAAP,EAAe;MAAEwC,UAAF;MAAcH;IAAd,CAAf,EAAyC;MAAErD;IAAF,CAAzC,KAAwD;MACnE,IAAI;QACF,MAAMU,QAAQ,GAAG,MAAMV,MAAM,CAACE,iBAAP,CAAyBe,OAAzB,CAAiC;UACtDJ,GAAG,EAAE2C;QADiD,CAAjC,CAAvB;;QAGA,IAAI,CAAC9C,QAAL,EAAe;UACb,MAAM,IAAI6B,KAAJ,CAAU,6BAAV,CAAN;QACD,CANC,CAQF;;;QACA,MAAMmB,QAAQ,GAAGC,aAAA,CAAKC,OAAL,CAAa,WAAb,IAA4B,GAA5B,GAAkCP,QAAnD,CATE,CAUF;;QACAQ,WAAA,CAAGC,UAAH,CAAcJ,QAAd,EAXE,CAYF;QACA;;;QACAhD,QAAQ,CAACiC,SAAT,GAAqB,EAArB;QACAjC,QAAQ,CAAC2C,QAAT,GAAoB,EAApB;QACA,MAAM3C,QAAQ,CAACuD,IAAT,EAAN;QACA,OAAO,IAAP;MACD,CAlBD,CAkBE,OAAO7B,KAAP,EAAc;QACdC,OAAO,CAACC,GAAR,CAAYF,KAAZ;QACA,MAAMA,KAAN;MACD;IACF,CAnGO;IAoGR8B,iBAAiB,EAAE,OAAOlD,MAAP,EAAe;MAAEiB;IAAF,CAAf,EAA0B;MAAEjC;IAAF,CAA1B,KAAyC;MAC1D,MAAM;QACJmE,IADI;QAEJzD,QAFI;QAGJ+B,IAHI;QAIJC,eAJI;QAKJ5C,MALI;QAMJsE,eANI;QAOJzB,SAPI;QAQJC;MARI,IASFX,KATJ;;MAWA,IAAIW,SAAJ,EAAe;QACb;QACA,IAAI;UACF,MAAM;YAAEC,gBAAF;YAAoBC;UAApB,IAAiC,MAAMF,SAA7C;UACA,MAAMG,MAAM,GAAGF,gBAAgB,EAA/B;UACA,IAAIG,OAAO,GAAG,MAAMC,gBAAA,CAAQC,UAAR,CAAmB;YACrCH,MADqC;YAErCD;UAFqC,CAAnB,CAApB,CAHE,CAOF;;UACA,MAAMuB,aAAa,GAAG,IAAIrE,MAAM,CAACE,iBAAX,CAA6B;YACjDiE,IADiD;YAEjDzD,QAFiD;YAGjD+B,IAHiD;YAIjDC,eAJiD;YAKjDW,QAAQ,EAAEL,OALuC;YAMjDlD,MANiD;YAOjDsE,eAPiD;YAQjDE,SAAS,EAAE,IAAIC,IAAJ,EARsC;YASjD5B,SAAS,EAAEA;UATsC,CAA7B,CAAtB;UAWA,MAAM0B,aAAa,CAACJ,IAAd,EAAN;UACA,OAAOI,aAAP;QACD,CArBD,CAqBE,OAAOjC,KAAP,EAAc;UACdC,OAAO,CAACC,GAAR,CAAYF,KAAZ;UACA,MAAM,IAAIG,KAAJ,CAAUH,KAAV,CAAN;QACD;MACF,CA3BD,MA2BO;QACL,IAAI;UACF,MAAMiC,aAAa,GAAG,IAAIrE,MAAM,CAACE,iBAAX,CAA6B;YACjDiE,IADiD;YAEjDzD,QAFiD;YAGjD+B,IAHiD;YAIjDC,eAJiD;YAKjD5C,MALiD;YAMjDsE,eANiD;YAOjDE,SAAS,EAAE,IAAIC,IAAJ;UAPsC,CAA7B,CAAtB;UASA,MAAMF,aAAa,CAACJ,IAAd,EAAN;UACA,OAAO,IAAP;QACD,CAZD,CAYE,OAAO7B,KAAP,EAAc;UACdC,OAAO,CAACC,GAAR,CAAYF,KAAZ;UACA,MAAM,IAAIG,KAAJ,CAAUH,KAAV,CAAN;QACD;MACF;IACF;EA7JO;AA7CG,C"},"_coverageSchema":"1a1c01bbd47fc00a2c39e90264f33305004495a9","hash":"472cff929cedbaeadb26419a1e99c9d4288a2a77","contentHash":"1f549f3d9d4d2f15111ea94ec25bbbf240a41a3cb2d567800849ce718d983029"}}